2018-07-18 11:21:38.389 logback [http-nio-8091-exec-10] ERROR c.e.f.c.e.h.ExceptionActionAdvice.logException - Exception ===== [File][Rfc6265CookieProcessor.java][Method][validateCookieValue][Line][182] ===== [An invalid character [34] was present in the Cookie value].
2018-07-18 11:21:45.253 logback [http-nio-8091-exec-8] ERROR c.e.f.c.e.h.ExceptionActionAdvice.logException - Exception ===== [File][Rfc6265CookieProcessor.java][Method][validateCookieValue][Line][182] ===== [An invalid character [34] was present in the Cookie value].
2018-07-18 15:03:54.442 logback [http-nio-8091-exec-1] ERROR c.e.f.c.e.h.ExceptionActionAdvice.logException - Exception ===== [File][Assert.java][Method][notNull][Line][134] ===== [non null key required].
2018-07-18 15:04:17.524 logback [http-nio-8091-exec-3] ERROR c.e.f.c.e.h.ExceptionActionAdvice.logException - Exception ===== [File][Assert.java][Method][notNull][Line][134] ===== [non null key required].
2018-07-18 15:05:35.022 logback [http-nio-8091-exec-1] ERROR c.e.f.c.e.h.ExceptionActionAdvice.logException - Exception ===== [File][ExceptionFilter.java][Method][invoke][Line][105] ===== [org.apache.ibatis.builder.IncompleteElementException: Could not find SQL statement to include with refid 'com.edwin.fsg.mapper.LogMapper.'
org.apache.ibatis.builder.IncompleteElementException: Could not find SQL statement to include with refid 'com.edwin.fsg.mapper.LogMapper.'
	at org.apache.ibatis.builder.xml.XMLIncludeTransformer.findSqlFragment(XMLIncludeTransformer.java:99)
	at org.apache.ibatis.builder.xml.XMLIncludeTransformer.applyIncludes(XMLIncludeTransformer.java:61)
	at org.apache.ibatis.builder.xml.XMLIncludeTransformer.applyIncludes(XMLIncludeTransformer.java:83)
	at org.apache.ibatis.builder.xml.XMLIncludeTransformer.applyIncludes(XMLIncludeTransformer.java:51)
	at org.apache.ibatis.builder.xml.XMLStatementBuilder.parseStatementNode(XMLStatementBuilder.java:88)
	at org.apache.ibatis.session.Configuration.buildAllStatements(Configuration.java:788)
	at org.apache.ibatis.session.Configuration.hasStatement(Configuration.java:758)
	at org.apache.ibatis.session.Configuration.hasStatement(Configuration.java:753)
	at org.apache.ibatis.binding.MapperMethod$SqlCommand.resolveMappedStatement(MapperMethod.java:249)
	at org.apache.ibatis.binding.MapperMethod$SqlCommand.<init>(MapperMethod.java:219)
	at org.apache.ibatis.binding.MapperMethod.<init>(MapperMethod.java:49)
	at org.apache.ibatis.binding.MapperProxy.cachedMapperMethod(MapperProxy.java:65)
	at org.apache.ibatis.binding.MapperProxy.invoke(MapperProxy.java:58)
	at com.sun.proxy.$Proxy89.insertLog(Unknown Source)
	at com.edwin.fsg.service.impl.LogMapperServiceImpl.insertLog(LogMapperServiceImpl.java:26)
	at com.edwin.fsg.service.impl.LogMapperServiceImpl$$FastClassBySpringCGLIB$$abb38cd3.invoke(<generated>)
	at org.springframework.cglib.proxy.MethodProxy.invoke(MethodProxy.java:204)
	at org.springframework.aop.framework.CglibAopProxy$CglibMethodInvocation.invokeJoinpoint(CglibAopProxy.java:736)
	at org.springframework.aop.framework.ReflectiveMethodInvocation.proceed(ReflectiveMethodInvocation.java:157)
	at org.springframework.transaction.interceptor.TransactionInterceptor$1.proceedWithInvocation(TransactionInterceptor.java:99)
	at org.springframework.transaction.interceptor.TransactionAspectSupport.invokeWithinTransaction(TransactionAspectSupport.java:282)
	at org.springframework.transaction.interceptor.TransactionInterceptor.invoke(TransactionInterceptor.java:96)
	at org.springframework.aop.framework.ReflectiveMethodInvocation.proceed(ReflectiveMethodInvocation.java:179)
	at org.springframework.aop.framework.CglibAopProxy$DynamicAdvisedInterceptor.intercept(CglibAopProxy.java:671)
	at com.edwin.fsg.service.impl.LogMapperServiceImpl$$EnhancerBySpringCGLIB$$eb18f811.insertLog(<generated>)
	at com.alibaba.dubbo.common.bytecode.Wrapper0.invokeMethod(Wrapper0.java)
	at com.alibaba.dubbo.rpc.proxy.javassist.JavassistProxyFactory$1.doInvoke(JavassistProxyFactory.java:45)
	at com.alibaba.dubbo.rpc.proxy.AbstractProxyInvoker.invoke(AbstractProxyInvoker.java:71)
	at com.alibaba.dubbo.config.invoker.DelegateProviderMetaDataInvoker.invoke(DelegateProviderMetaDataInvoker.java:48)
	at com.alibaba.dubbo.rpc.protocol.InvokerWrapper.invoke(InvokerWrapper.java:52)
	at com.alibaba.dubbo.rpc.filter.ExceptionFilter.invoke(ExceptionFilter.java:61)
	at com.alibaba.dubbo.rpc.protocol.ProtocolFilterWrapper$1.invoke(ProtocolFilterWrapper.java:68)
	at com.alibaba.dubbo.monitor.support.MonitorFilter.invoke(MonitorFilter.java:74)
	at com.alibaba.dubbo.rpc.protocol.ProtocolFilterWrapper$1.invoke(ProtocolFilterWrapper.java:68)
	at com.alibaba.dubbo.rpc.filter.TimeoutFilter.invoke(TimeoutFilter.java:41)
	at com.alibaba.dubbo.rpc.protocol.ProtocolFilterWrapper$1.invoke(ProtocolFilterWrapper.java:68)
	at com.alibaba.dubbo.rpc.protocol.dubbo.filter.TraceFilter.invoke(TraceFilter.java:77)
	at com.alibaba.dubbo.rpc.protocol.ProtocolFilterWrapper$1.invoke(ProtocolFilterWrapper.java:68)
	at com.alibaba.dubbo.rpc.filter.ContextFilter.invoke(ContextFilter.java:60)
	at com.alibaba.dubbo.rpc.protocol.ProtocolFilterWrapper$1.invoke(ProtocolFilterWrapper.java:68)
	at com.alibaba.dubbo.rpc.filter.GenericFilter.invoke(GenericFilter.java:131)
	at com.alibaba.dubbo.rpc.protocol.ProtocolFilterWrapper$1.invoke(ProtocolFilterWrapper.java:68)
	at com.alibaba.dubbo.rpc.filter.ClassLoaderFilter.invoke(ClassLoaderFilter.java:37)
	at com.alibaba.dubbo.rpc.protocol.ProtocolFilterWrapper$1.invoke(ProtocolFilterWrapper.java:68)
	at com.alibaba.dubbo.rpc.filter.EchoFilter.invoke(EchoFilter.java:37)
	at com.alibaba.dubbo.rpc.protocol.ProtocolFilterWrapper$1.invoke(ProtocolFilterWrapper.java:68)
	at com.alibaba.dubbo.rpc.protocol.dubbo.DubboProtocol$1.reply(DubboProtocol.java:95)
	at com.alibaba.dubbo.remoting.exchange.support.header.HeaderExchangeHandler.handleRequest(HeaderExchangeHandler.java:96)
	at com.alibaba.dubbo.remoting.exchange.support.header.HeaderExchangeHandler.received(HeaderExchangeHandler.java:168)
	at com.alibaba.dubbo.remoting.transport.DecodeHandler.received(DecodeHandler.java:50)
	at com.alibaba.dubbo.remoting.transport.dispatcher.ChannelEventRunnable.run(ChannelEventRunnable.java:79)
	at java.util.concurrent.ThreadPoolExecutor.runWorker(ThreadPoolExecutor.java:1149)
	at java.util.concurrent.ThreadPoolExecutor$Worker.run(ThreadPoolExecutor.java:624)
	at java.lang.Thread.run(Thread.java:748)
Caused by: java.lang.IllegalArgumentException: XML fragments parsed from previous mappers does not contain value for com.edwin.fsg.mapper.LogMapper.
	at org.apache.ibatis.session.Configuration$StrictMap.get(Configuration.java:888)
	at org.apache.ibatis.builder.xml.XMLIncludeTransformer.findSqlFragment(XMLIncludeTransformer.java:96)
	... 53 more
].
2018-07-18 15:05:40.089 logback [http-nio-8091-exec-2] ERROR c.e.f.c.e.h.ExceptionActionAdvice.logException - Exception ===== [File][ExceptionFilter.java][Method][invoke][Line][105] ===== [org.apache.ibatis.builder.IncompleteElementException: Could not find SQL statement to include with refid 'com.edwin.fsg.mapper.LogMapper.'
org.apache.ibatis.builder.IncompleteElementException: Could not find SQL statement to include with refid 'com.edwin.fsg.mapper.LogMapper.'
	at org.apache.ibatis.builder.xml.XMLIncludeTransformer.findSqlFragment(XMLIncludeTransformer.java:99)
	at org.apache.ibatis.builder.xml.XMLIncludeTransformer.applyIncludes(XMLIncludeTransformer.java:61)
	at org.apache.ibatis.builder.xml.XMLIncludeTransformer.applyIncludes(XMLIncludeTransformer.java:83)
	at org.apache.ibatis.builder.xml.XMLIncludeTransformer.applyIncludes(XMLIncludeTransformer.java:51)
	at org.apache.ibatis.builder.xml.XMLStatementBuilder.parseStatementNode(XMLStatementBuilder.java:88)
	at org.apache.ibatis.session.Configuration.buildAllStatements(Configuration.java:788)
	at org.apache.ibatis.session.Configuration.hasStatement(Configuration.java:758)
	at org.apache.ibatis.session.Configuration.hasStatement(Configuration.java:753)
	at org.apache.ibatis.binding.MapperMethod$SqlCommand.resolveMappedStatement(MapperMethod.java:249)
	at org.apache.ibatis.binding.MapperMethod$SqlCommand.<init>(MapperMethod.java:219)
	at org.apache.ibatis.binding.MapperMethod.<init>(MapperMethod.java:49)
	at org.apache.ibatis.binding.MapperProxy.cachedMapperMethod(MapperProxy.java:65)
	at org.apache.ibatis.binding.MapperProxy.invoke(MapperProxy.java:58)
	at com.sun.proxy.$Proxy89.insertLog(Unknown Source)
	at com.edwin.fsg.service.impl.LogMapperServiceImpl.insertLog(LogMapperServiceImpl.java:26)
	at com.edwin.fsg.service.impl.LogMapperServiceImpl$$FastClassBySpringCGLIB$$abb38cd3.invoke(<generated>)
	at org.springframework.cglib.proxy.MethodProxy.invoke(MethodProxy.java:204)
	at org.springframework.aop.framework.CglibAopProxy$CglibMethodInvocation.invokeJoinpoint(CglibAopProxy.java:736)
	at org.springframework.aop.framework.ReflectiveMethodInvocation.proceed(ReflectiveMethodInvocation.java:157)
	at org.springframework.transaction.interceptor.TransactionInterceptor$1.proceedWithInvocation(TransactionInterceptor.java:99)
	at org.springframework.transaction.interceptor.TransactionAspectSupport.invokeWithinTransaction(TransactionAspectSupport.java:282)
	at org.springframework.transaction.interceptor.TransactionInterceptor.invoke(TransactionInterceptor.java:96)
	at org.springframework.aop.framework.ReflectiveMethodInvocation.proceed(ReflectiveMethodInvocation.java:179)
	at org.springframework.aop.framework.CglibAopProxy$DynamicAdvisedInterceptor.intercept(CglibAopProxy.java:671)
	at com.edwin.fsg.service.impl.LogMapperServiceImpl$$EnhancerBySpringCGLIB$$eb18f811.insertLog(<generated>)
	at com.alibaba.dubbo.common.bytecode.Wrapper0.invokeMethod(Wrapper0.java)
	at com.alibaba.dubbo.rpc.proxy.javassist.JavassistProxyFactory$1.doInvoke(JavassistProxyFactory.java:45)
	at com.alibaba.dubbo.rpc.proxy.AbstractProxyInvoker.invoke(AbstractProxyInvoker.java:71)
	at com.alibaba.dubbo.config.invoker.DelegateProviderMetaDataInvoker.invoke(DelegateProviderMetaDataInvoker.java:48)
	at com.alibaba.dubbo.rpc.protocol.InvokerWrapper.invoke(InvokerWrapper.java:52)
	at com.alibaba.dubbo.rpc.filter.ExceptionFilter.invoke(ExceptionFilter.java:61)
	at com.alibaba.dubbo.rpc.protocol.ProtocolFilterWrapper$1.invoke(ProtocolFilterWrapper.java:68)
	at com.alibaba.dubbo.monitor.support.MonitorFilter.invoke(MonitorFilter.java:74)
	at com.alibaba.dubbo.rpc.protocol.ProtocolFilterWrapper$1.invoke(ProtocolFilterWrapper.java:68)
	at com.alibaba.dubbo.rpc.filter.TimeoutFilter.invoke(TimeoutFilter.java:41)
	at com.alibaba.dubbo.rpc.protocol.ProtocolFilterWrapper$1.invoke(ProtocolFilterWrapper.java:68)
	at com.alibaba.dubbo.rpc.protocol.dubbo.filter.TraceFilter.invoke(TraceFilter.java:77)
	at com.alibaba.dubbo.rpc.protocol.ProtocolFilterWrapper$1.invoke(ProtocolFilterWrapper.java:68)
	at com.alibaba.dubbo.rpc.filter.ContextFilter.invoke(ContextFilter.java:60)
	at com.alibaba.dubbo.rpc.protocol.ProtocolFilterWrapper$1.invoke(ProtocolFilterWrapper.java:68)
	at com.alibaba.dubbo.rpc.filter.GenericFilter.invoke(GenericFilter.java:131)
	at com.alibaba.dubbo.rpc.protocol.ProtocolFilterWrapper$1.invoke(ProtocolFilterWrapper.java:68)
	at com.alibaba.dubbo.rpc.filter.ClassLoaderFilter.invoke(ClassLoaderFilter.java:37)
	at com.alibaba.dubbo.rpc.protocol.ProtocolFilterWrapper$1.invoke(ProtocolFilterWrapper.java:68)
	at com.alibaba.dubbo.rpc.filter.EchoFilter.invoke(EchoFilter.java:37)
	at com.alibaba.dubbo.rpc.protocol.ProtocolFilterWrapper$1.invoke(ProtocolFilterWrapper.java:68)
	at com.alibaba.dubbo.rpc.protocol.dubbo.DubboProtocol$1.reply(DubboProtocol.java:95)
	at com.alibaba.dubbo.remoting.exchange.support.header.HeaderExchangeHandler.handleRequest(HeaderExchangeHandler.java:96)
	at com.alibaba.dubbo.remoting.exchange.support.header.HeaderExchangeHandler.received(HeaderExchangeHandler.java:168)
	at com.alibaba.dubbo.remoting.transport.DecodeHandler.received(DecodeHandler.java:50)
	at com.alibaba.dubbo.remoting.transport.dispatcher.ChannelEventRunnable.run(ChannelEventRunnable.java:79)
	at java.util.concurrent.ThreadPoolExecutor.runWorker(ThreadPoolExecutor.java:1149)
	at java.util.concurrent.ThreadPoolExecutor$Worker.run(ThreadPoolExecutor.java:624)
	at java.lang.Thread.run(Thread.java:748)
Caused by: java.lang.IllegalArgumentException: XML fragments parsed from previous mappers does not contain value for com.edwin.fsg.mapper.LogMapper.
	at org.apache.ibatis.session.Configuration$StrictMap.get(Configuration.java:888)
	at org.apache.ibatis.builder.xml.XMLIncludeTransformer.findSqlFragment(XMLIncludeTransformer.java:96)
	... 53 more
].
2018-07-18 15:07:18.455 logback [http-nio-8091-exec-6] ERROR c.e.f.c.e.h.ExceptionActionAdvice.logException - Exception ===== [File][Wrapper6.java][Method][invokeMethod][Line][-1] ===== [com.edwin.fsg.model.MLog cannot be cast to com.edwin.fsg.model.MLog].
2018-07-18 15:07:18.632 logback [http-nio-8091-exec-7] ERROR c.e.f.c.e.h.ExceptionActionAdvice.logException - Exception ===== [File][Wrapper6.java][Method][invokeMethod][Line][-1] ===== [com.edwin.fsg.model.MLog cannot be cast to com.edwin.fsg.model.MLog].
2018-07-18 15:11:22.540 logback [http-nio-8091-exec-9] ERROR c.e.f.c.e.h.ExceptionActionAdvice.logException - Exception ===== [File][Wrapper36.java][Method][invokeMethod][Line][-1] ===== [com.edwin.fsg.model.MLog cannot be cast to com.edwin.fsg.model.MLog].
2018-07-18 15:11:22.671 logback [http-nio-8091-exec-10] ERROR c.e.f.c.e.h.ExceptionActionAdvice.logException - Exception ===== [File][Wrapper36.java][Method][invokeMethod][Line][-1] ===== [com.edwin.fsg.model.MLog cannot be cast to com.edwin.fsg.model.MLog].
2018-07-18 15:17:29.005 logback [http-nio-8091-exec-3] ERROR c.e.f.c.e.h.ExceptionActionAdvice.logException - Exception ===== [File][Wrapper42.java][Method][invokeMethod][Line][-1] ===== [com.edwin.fsg.model.MLog cannot be cast to com.edwin.fsg.model.MLog].
2018-07-18 15:17:30.332 logback [http-nio-8091-exec-2] ERROR c.e.f.c.e.h.ExceptionActionAdvice.logException - Exception ===== [File][Wrapper42.java][Method][invokeMethod][Line][-1] ===== [com.edwin.fsg.model.MLog cannot be cast to com.edwin.fsg.model.MLog].
2018-07-18 15:18:34.736 logback [http-nio-8091-exec-4] ERROR c.e.f.c.e.h.ExceptionActionAdvice.logException - Exception ===== [File][Wrapper48.java][Method][invokeMethod][Line][-1] ===== [com.edwin.fsg.model.MLog cannot be cast to com.edwin.fsg.model.MLog].
2018-07-18 15:18:35.094 logback [http-nio-8091-exec-6] ERROR c.e.f.c.e.h.ExceptionActionAdvice.logException - Exception ===== [File][Wrapper48.java][Method][invokeMethod][Line][-1] ===== [com.edwin.fsg.model.MLog cannot be cast to com.edwin.fsg.model.MLog].
2018-07-18 15:19:32.820 logback [http-nio-8091-exec-8] ERROR c.e.f.c.e.h.ExceptionActionAdvice.logException - Exception ===== [File][Wrapper54.java][Method][invokeMethod][Line][-1] ===== [com.edwin.fsg.model.MLog cannot be cast to com.edwin.fsg.model.MLog].
2018-07-18 15:19:33.051 logback [http-nio-8091-exec-9] ERROR c.e.f.c.e.h.ExceptionActionAdvice.logException - Exception ===== [File][Wrapper54.java][Method][invokeMethod][Line][-1] ===== [com.edwin.fsg.model.MLog cannot be cast to com.edwin.fsg.model.MLog].
2018-07-18 15:23:16.083 logback [http-nio-8091-exec-9] ERROR c.e.f.c.e.h.ExceptionActionAdvice.logException - Exception ===== [File][ExceptionFilter.java][Method][invoke][Line][105] ===== [org.springframework.jdbc.UncategorizedSQLException: 
### Error updating database.  Cause: java.sql.SQLException: sql injection violation, syntax error: error pos 12, line 1, column 12, token LPAREN : insert into(create_time,create_name,remark)
   values(?,?,?)
### SQL: insert into(create_time,create_name,remark)    values(?,?,?)
### Cause: java.sql.SQLException: sql injection violation, syntax error: error pos 12, line 1, column 12, token LPAREN : insert into(create_time,create_name,remark)
   values(?,?,?)
; uncategorized SQLException for SQL []; SQL state [null]; error code [0]; sql injection violation, syntax error: error pos 12, line 1, column 12, token LPAREN : insert into(create_time,create_name,remark)
   values(?,?,?); nested exception is java.sql.SQLException: sql injection violation, syntax error: error pos 12, line 1, column 12, token LPAREN : insert into(create_time,create_name,remark)
   values(?,?,?)
org.springframework.jdbc.UncategorizedSQLException: 
### Error updating database.  Cause: java.sql.SQLException: sql injection violation, syntax error: error pos 12, line 1, column 12, token LPAREN : insert into(create_time,create_name,remark)
   values(?,?,?)
### SQL: insert into(create_time,create_name,remark)    values(?,?,?)
### Cause: java.sql.SQLException: sql injection violation, syntax error: error pos 12, line 1, column 12, token LPAREN : insert into(create_time,create_name,remark)
   values(?,?,?)
; uncategorized SQLException for SQL []; SQL state [null]; error code [0]; sql injection violation, syntax error: error pos 12, line 1, column 12, token LPAREN : insert into(create_time,create_name,remark)
   values(?,?,?); nested exception is java.sql.SQLException: sql injection violation, syntax error: error pos 12, line 1, column 12, token LPAREN : insert into(create_time,create_name,remark)
   values(?,?,?)
	at org.springframework.jdbc.support.AbstractFallbackSQLExceptionTranslator.translate(AbstractFallbackSQLExceptionTranslator.java:90)
	at org.springframework.jdbc.support.AbstractFallbackSQLExceptionTranslator.translate(AbstractFallbackSQLExceptionTranslator.java:82)
	at org.springframework.jdbc.support.AbstractFallbackSQLExceptionTranslator.translate(AbstractFallbackSQLExceptionTranslator.java:82)
	at org.mybatis.spring.MyBatisExceptionTranslator.translateExceptionIfPossible(MyBatisExceptionTranslator.java:73)
	at org.mybatis.spring.SqlSessionTemplate$SqlSessionInterceptor.invoke(SqlSessionTemplate.java:446)
	at com.sun.proxy.$Proxy77.insert(Unknown Source)
	at org.mybatis.spring.SqlSessionTemplate.insert(SqlSessionTemplate.java:278)
	at org.apache.ibatis.binding.MapperMethod.execute(MapperMethod.java:58)
	at org.apache.ibatis.binding.MapperProxy.invoke(MapperProxy.java:59)
	at com.sun.proxy.$Proxy87.insertLog(Unknown Source)
	at com.edwin.fsg.service.impl.LogMapperServiceImpl.insertLog(LogMapperServiceImpl.java:25)
	at com.edwin.fsg.service.impl.LogMapperServiceImpl$$FastClassBySpringCGLIB$$abb38cd3.invoke(<generated>)
	at org.springframework.cglib.proxy.MethodProxy.invoke(MethodProxy.java:204)
	at org.springframework.aop.framework.CglibAopProxy$CglibMethodInvocation.invokeJoinpoint(CglibAopProxy.java:736)
	at org.springframework.aop.framework.ReflectiveMethodInvocation.proceed(ReflectiveMethodInvocation.java:157)
	at org.springframework.transaction.interceptor.TransactionInterceptor$1.proceedWithInvocation(TransactionInterceptor.java:99)
	at org.springframework.transaction.interceptor.TransactionAspectSupport.invokeWithinTransaction(TransactionAspectSupport.java:282)
	at org.springframework.transaction.interceptor.TransactionInterceptor.invoke(TransactionInterceptor.java:96)
	at org.springframework.aop.framework.ReflectiveMethodInvocation.proceed(ReflectiveMethodInvocation.java:179)
	at org.springframework.aop.framework.CglibAopProxy$DynamicAdvisedInterceptor.intercept(CglibAopProxy.java:671)
	at com.edwin.fsg.service.impl.LogMapperServiceImpl$$EnhancerBySpringCGLIB$$894d90dc.insertLog(<generated>)
	at com.alibaba.dubbo.common.bytecode.Wrapper0.invokeMethod(Wrapper0.java)
	at com.alibaba.dubbo.rpc.proxy.javassist.JavassistProxyFactory$1.doInvoke(JavassistProxyFactory.java:45)
	at com.alibaba.dubbo.rpc.proxy.AbstractProxyInvoker.invoke(AbstractProxyInvoker.java:71)
	at com.alibaba.dubbo.config.invoker.DelegateProviderMetaDataInvoker.invoke(DelegateProviderMetaDataInvoker.java:48)
	at com.alibaba.dubbo.rpc.protocol.InvokerWrapper.invoke(InvokerWrapper.java:52)
	at com.alibaba.dubbo.rpc.filter.ExceptionFilter.invoke(ExceptionFilter.java:61)
	at com.alibaba.dubbo.rpc.protocol.ProtocolFilterWrapper$1.invoke(ProtocolFilterWrapper.java:68)
	at com.alibaba.dubbo.monitor.support.MonitorFilter.invoke(MonitorFilter.java:74)
	at com.alibaba.dubbo.rpc.protocol.ProtocolFilterWrapper$1.invoke(ProtocolFilterWrapper.java:68)
	at com.alibaba.dubbo.rpc.filter.TimeoutFilter.invoke(TimeoutFilter.java:41)
	at com.alibaba.dubbo.rpc.protocol.ProtocolFilterWrapper$1.invoke(ProtocolFilterWrapper.java:68)
	at com.alibaba.dubbo.rpc.protocol.dubbo.filter.TraceFilter.invoke(TraceFilter.java:77)
	at com.alibaba.dubbo.rpc.protocol.ProtocolFilterWrapper$1.invoke(ProtocolFilterWrapper.java:68)
	at com.alibaba.dubbo.rpc.filter.ContextFilter.invoke(ContextFilter.java:60)
	at com.alibaba.dubbo.rpc.protocol.ProtocolFilterWrapper$1.invoke(ProtocolFilterWrapper.java:68)
	at com.alibaba.dubbo.rpc.filter.GenericFilter.invoke(GenericFilter.java:131)
	at com.alibaba.dubbo.rpc.protocol.ProtocolFilterWrapper$1.invoke(ProtocolFilterWrapper.java:68)
	at com.alibaba.dubbo.rpc.filter.ClassLoaderFilter.invoke(ClassLoaderFilter.java:37)
	at com.alibaba.dubbo.rpc.protocol.ProtocolFilterWrapper$1.invoke(ProtocolFilterWrapper.java:68)
	at com.alibaba.dubbo.rpc.filter.EchoFilter.invoke(EchoFilter.java:37)
	at com.alibaba.dubbo.rpc.protocol.ProtocolFilterWrapper$1.invoke(ProtocolFilterWrapper.java:68)
	at com.alibaba.dubbo.rpc.protocol.dubbo.DubboProtocol$1.reply(DubboProtocol.java:95)
	at com.alibaba.dubbo.remoting.exchange.support.header.HeaderExchangeHandler.handleRequest(HeaderExchangeHandler.java:96)
	at com.alibaba.dubbo.remoting.exchange.support.header.HeaderExchangeHandler.received(HeaderExchangeHandler.java:168)
	at com.alibaba.dubbo.remoting.transport.DecodeHandler.received(DecodeHandler.java:50)
	at com.alibaba.dubbo.remoting.transport.dispatcher.ChannelEventRunnable.run(ChannelEventRunnable.java:79)
	at java.util.concurrent.ThreadPoolExecutor.runWorker(ThreadPoolExecutor.java:1149)
	at java.util.concurrent.ThreadPoolExecutor$Worker.run(ThreadPoolExecutor.java:624)
	at java.lang.Thread.run(Thread.java:748)
Caused by: java.sql.SQLException: sql injection violation, syntax error: error pos 12, line 1, column 12, token LPAREN : insert into(create_time,create_name,remark)
   values(?,?,?)
	at com.alibaba.druid.wall.WallFilter.checkInternal(WallFilter.java:798)
	at com.alibaba.druid.wall.WallFilter.connection_prepareStatement(WallFilter.java:251)
	at com.alibaba.druid.filter.FilterChainImpl.connection_prepareStatement(FilterChainImpl.java:568)
	at com.alibaba.druid.filter.FilterAdapter.connection_prepareStatement(FilterAdapter.java:929)
	at com.alibaba.druid.filter.FilterEventAdapter.connection_prepareStatement(FilterEventAdapter.java:122)
	at com.alibaba.druid.filter.FilterChainImpl.connection_prepareStatement(FilterChainImpl.java:568)
	at com.alibaba.druid.proxy.jdbc.ConnectionProxyImpl.prepareStatement(ConnectionProxyImpl.java:342)
	at com.alibaba.druid.pool.DruidPooledConnection.prepareStatement(DruidPooledConnection.java:349)
	at org.apache.ibatis.executor.statement.PreparedStatementHandler.instantiateStatement(PreparedStatementHandler.java:87)
	at org.apache.ibatis.executor.statement.BaseStatementHandler.prepare(BaseStatementHandler.java:88)
	at org.apache.ibatis.executor.statement.RoutingStatementHandler.prepare(RoutingStatementHandler.java:59)
	at org.apache.ibatis.executor.SimpleExecutor.prepareStatement(SimpleExecutor.java:85)
	at org.apache.ibatis.executor.SimpleExecutor.doUpdate(SimpleExecutor.java:49)
	at org.apache.ibatis.executor.BaseExecutor.update(BaseExecutor.java:117)
	at org.apache.ibatis.executor.CachingExecutor.update(CachingExecutor.java:76)
	at sun.reflect.NativeMethodAccessorImpl.invoke0(Native Method)
	at sun.reflect.NativeMethodAccessorImpl.invoke(NativeMethodAccessorImpl.java:62)
	at sun.reflect.DelegatingMethodAccessorImpl.invoke(DelegatingMethodAccessorImpl.java:43)
	at java.lang.reflect.Method.invoke(Method.java:498)
	at org.apache.ibatis.plugin.Plugin.invoke(Plugin.java:63)
	at com.sun.proxy.$Proxy95.update(Unknown Source)
	at org.apache.ibatis.session.defaults.DefaultSqlSession.update(DefaultSqlSession.java:198)
	at org.apache.ibatis.session.defaults.DefaultSqlSession.insert(DefaultSqlSession.java:185)
	at sun.reflect.NativeMethodAccessorImpl.invoke0(Native Method)
	at sun.reflect.NativeMethodAccessorImpl.invoke(NativeMethodAccessorImpl.java:62)
	at sun.reflect.DelegatingMethodAccessorImpl.invoke(DelegatingMethodAccessorImpl.java:43)
	at java.lang.reflect.Method.invoke(Method.java:498)
	at org.mybatis.spring.SqlSessionTemplate$SqlSessionInterceptor.invoke(SqlSessionTemplate.java:433)
	... 45 more
Caused by: com.alibaba.druid.sql.parser.ParserException: error pos 12, line 1, column 12, token LPAREN
	at com.alibaba.druid.sql.parser.SQLExprParser.name(SQLExprParser.java:1370)
	at com.alibaba.druid.sql.dialect.mysql.parser.MySqlStatementParser.parseInsert(MySqlStatementParser.java:2428)
	at com.alibaba.druid.sql.dialect.mysql.parser.MySqlStatementParser.parseInsert(MySqlStatementParser.java:47)
	at com.alibaba.druid.sql.parser.SQLStatementParser.parseStatementList(SQLStatementParser.java:167)
	at com.alibaba.druid.sql.parser.SQLStatementParser.parseStatementList(SQLStatementParser.java:83)
	at com.alibaba.druid.wall.WallProvider.checkInternal(WallProvider.java:624)
	at com.alibaba.druid.wall.WallProvider.check(WallProvider.java:578)
	at com.alibaba.druid.wall.WallFilter.checkInternal(WallFilter.java:785)
	... 72 more
].
2018-07-18 15:23:16.387 logback [http-nio-8091-exec-10] ERROR c.e.f.c.e.h.ExceptionActionAdvice.logException - Exception ===== [File][ExceptionFilter.java][Method][invoke][Line][105] ===== [org.springframework.jdbc.UncategorizedSQLException: 
### Error updating database.  Cause: java.sql.SQLException: sql injection violation, syntax error: error pos 12, line 1, column 12, token LPAREN : insert into(create_time,create_name,remark)
   values(?,?,?)
### SQL: insert into(create_time,create_name,remark)    values(?,?,?)
### Cause: java.sql.SQLException: sql injection violation, syntax error: error pos 12, line 1, column 12, token LPAREN : insert into(create_time,create_name,remark)
   values(?,?,?)
; uncategorized SQLException for SQL []; SQL state [null]; error code [0]; sql injection violation, syntax error: error pos 12, line 1, column 12, token LPAREN : insert into(create_time,create_name,remark)
   values(?,?,?); nested exception is java.sql.SQLException: sql injection violation, syntax error: error pos 12, line 1, column 12, token LPAREN : insert into(create_time,create_name,remark)
   values(?,?,?)
org.springframework.jdbc.UncategorizedSQLException: 
### Error updating database.  Cause: java.sql.SQLException: sql injection violation, syntax error: error pos 12, line 1, column 12, token LPAREN : insert into(create_time,create_name,remark)
   values(?,?,?)
### SQL: insert into(create_time,create_name,remark)    values(?,?,?)
### Cause: java.sql.SQLException: sql injection violation, syntax error: error pos 12, line 1, column 12, token LPAREN : insert into(create_time,create_name,remark)
   values(?,?,?)
; uncategorized SQLException for SQL []; SQL state [null]; error code [0]; sql injection violation, syntax error: error pos 12, line 1, column 12, token LPAREN : insert into(create_time,create_name,remark)
   values(?,?,?); nested exception is java.sql.SQLException: sql injection violation, syntax error: error pos 12, line 1, column 12, token LPAREN : insert into(create_time,create_name,remark)
   values(?,?,?)
	at org.springframework.jdbc.support.AbstractFallbackSQLExceptionTranslator.translate(AbstractFallbackSQLExceptionTranslator.java:90)
	at org.springframework.jdbc.support.AbstractFallbackSQLExceptionTranslator.translate(AbstractFallbackSQLExceptionTranslator.java:82)
	at org.springframework.jdbc.support.AbstractFallbackSQLExceptionTranslator.translate(AbstractFallbackSQLExceptionTranslator.java:82)
	at org.mybatis.spring.MyBatisExceptionTranslator.translateExceptionIfPossible(MyBatisExceptionTranslator.java:73)
	at org.mybatis.spring.SqlSessionTemplate$SqlSessionInterceptor.invoke(SqlSessionTemplate.java:446)
	at com.sun.proxy.$Proxy77.insert(Unknown Source)
	at org.mybatis.spring.SqlSessionTemplate.insert(SqlSessionTemplate.java:278)
	at org.apache.ibatis.binding.MapperMethod.execute(MapperMethod.java:58)
	at org.apache.ibatis.binding.MapperProxy.invoke(MapperProxy.java:59)
	at com.sun.proxy.$Proxy87.insertLog(Unknown Source)
	at com.edwin.fsg.service.impl.LogMapperServiceImpl.insertLog(LogMapperServiceImpl.java:25)
	at com.edwin.fsg.service.impl.LogMapperServiceImpl$$FastClassBySpringCGLIB$$abb38cd3.invoke(<generated>)
	at org.springframework.cglib.proxy.MethodProxy.invoke(MethodProxy.java:204)
	at org.springframework.aop.framework.CglibAopProxy$CglibMethodInvocation.invokeJoinpoint(CglibAopProxy.java:736)
	at org.springframework.aop.framework.ReflectiveMethodInvocation.proceed(ReflectiveMethodInvocation.java:157)
	at org.springframework.transaction.interceptor.TransactionInterceptor$1.proceedWithInvocation(TransactionInterceptor.java:99)
	at org.springframework.transaction.interceptor.TransactionAspectSupport.invokeWithinTransaction(TransactionAspectSupport.java:282)
	at org.springframework.transaction.interceptor.TransactionInterceptor.invoke(TransactionInterceptor.java:96)
	at org.springframework.aop.framework.ReflectiveMethodInvocation.proceed(ReflectiveMethodInvocation.java:179)
	at org.springframework.aop.framework.CglibAopProxy$DynamicAdvisedInterceptor.intercept(CglibAopProxy.java:671)
	at com.edwin.fsg.service.impl.LogMapperServiceImpl$$EnhancerBySpringCGLIB$$894d90dc.insertLog(<generated>)
	at com.alibaba.dubbo.common.bytecode.Wrapper0.invokeMethod(Wrapper0.java)
	at com.alibaba.dubbo.rpc.proxy.javassist.JavassistProxyFactory$1.doInvoke(JavassistProxyFactory.java:45)
	at com.alibaba.dubbo.rpc.proxy.AbstractProxyInvoker.invoke(AbstractProxyInvoker.java:71)
	at com.alibaba.dubbo.config.invoker.DelegateProviderMetaDataInvoker.invoke(DelegateProviderMetaDataInvoker.java:48)
	at com.alibaba.dubbo.rpc.protocol.InvokerWrapper.invoke(InvokerWrapper.java:52)
	at com.alibaba.dubbo.rpc.filter.ExceptionFilter.invoke(ExceptionFilter.java:61)
	at com.alibaba.dubbo.rpc.protocol.ProtocolFilterWrapper$1.invoke(ProtocolFilterWrapper.java:68)
	at com.alibaba.dubbo.monitor.support.MonitorFilter.invoke(MonitorFilter.java:74)
	at com.alibaba.dubbo.rpc.protocol.ProtocolFilterWrapper$1.invoke(ProtocolFilterWrapper.java:68)
	at com.alibaba.dubbo.rpc.filter.TimeoutFilter.invoke(TimeoutFilter.java:41)
	at com.alibaba.dubbo.rpc.protocol.ProtocolFilterWrapper$1.invoke(ProtocolFilterWrapper.java:68)
	at com.alibaba.dubbo.rpc.protocol.dubbo.filter.TraceFilter.invoke(TraceFilter.java:77)
	at com.alibaba.dubbo.rpc.protocol.ProtocolFilterWrapper$1.invoke(ProtocolFilterWrapper.java:68)
	at com.alibaba.dubbo.rpc.filter.ContextFilter.invoke(ContextFilter.java:60)
	at com.alibaba.dubbo.rpc.protocol.ProtocolFilterWrapper$1.invoke(ProtocolFilterWrapper.java:68)
	at com.alibaba.dubbo.rpc.filter.GenericFilter.invoke(GenericFilter.java:131)
	at com.alibaba.dubbo.rpc.protocol.ProtocolFilterWrapper$1.invoke(ProtocolFilterWrapper.java:68)
	at com.alibaba.dubbo.rpc.filter.ClassLoaderFilter.invoke(ClassLoaderFilter.java:37)
	at com.alibaba.dubbo.rpc.protocol.ProtocolFilterWrapper$1.invoke(ProtocolFilterWrapper.java:68)
	at com.alibaba.dubbo.rpc.filter.EchoFilter.invoke(EchoFilter.java:37)
	at com.alibaba.dubbo.rpc.protocol.ProtocolFilterWrapper$1.invoke(ProtocolFilterWrapper.java:68)
	at com.alibaba.dubbo.rpc.protocol.dubbo.DubboProtocol$1.reply(DubboProtocol.java:95)
	at com.alibaba.dubbo.remoting.exchange.support.header.HeaderExchangeHandler.handleRequest(HeaderExchangeHandler.java:96)
	at com.alibaba.dubbo.remoting.exchange.support.header.HeaderExchangeHandler.received(HeaderExchangeHandler.java:168)
	at com.alibaba.dubbo.remoting.transport.DecodeHandler.received(DecodeHandler.java:50)
	at com.alibaba.dubbo.remoting.transport.dispatcher.ChannelEventRunnable.run(ChannelEventRunnable.java:79)
	at java.util.concurrent.ThreadPoolExecutor.runWorker(ThreadPoolExecutor.java:1149)
	at java.util.concurrent.ThreadPoolExecutor$Worker.run(ThreadPoolExecutor.java:624)
	at java.lang.Thread.run(Thread.java:748)
Caused by: java.sql.SQLException: sql injection violation, syntax error: error pos 12, line 1, column 12, token LPAREN : insert into(create_time,create_name,remark)
   values(?,?,?)
	at com.alibaba.druid.wall.WallFilter.checkInternal(WallFilter.java:798)
	at com.alibaba.druid.wall.WallFilter.connection_prepareStatement(WallFilter.java:251)
	at com.alibaba.druid.filter.FilterChainImpl.connection_prepareStatement(FilterChainImpl.java:568)
	at com.alibaba.druid.filter.FilterAdapter.connection_prepareStatement(FilterAdapter.java:929)
	at com.alibaba.druid.filter.FilterEventAdapter.connection_prepareStatement(FilterEventAdapter.java:122)
	at com.alibaba.druid.filter.FilterChainImpl.connection_prepareStatement(FilterChainImpl.java:568)
	at com.alibaba.druid.proxy.jdbc.ConnectionProxyImpl.prepareStatement(ConnectionProxyImpl.java:342)
	at com.alibaba.druid.pool.DruidPooledConnection.prepareStatement(DruidPooledConnection.java:349)
	at org.apache.ibatis.executor.statement.PreparedStatementHandler.instantiateStatement(PreparedStatementHandler.java:87)
	at org.apache.ibatis.executor.statement.BaseStatementHandler.prepare(BaseStatementHandler.java:88)
	at org.apache.ibatis.executor.statement.RoutingStatementHandler.prepare(RoutingStatementHandler.java:59)
	at org.apache.ibatis.executor.SimpleExecutor.prepareStatement(SimpleExecutor.java:85)
	at org.apache.ibatis.executor.SimpleExecutor.doUpdate(SimpleExecutor.java:49)
	at org.apache.ibatis.executor.BaseExecutor.update(BaseExecutor.java:117)
	at org.apache.ibatis.executor.CachingExecutor.update(CachingExecutor.java:76)
	at sun.reflect.NativeMethodAccessorImpl.invoke0(Native Method)
	at sun.reflect.NativeMethodAccessorImpl.invoke(NativeMethodAccessorImpl.java:62)
	at sun.reflect.DelegatingMethodAccessorImpl.invoke(DelegatingMethodAccessorImpl.java:43)
	at java.lang.reflect.Method.invoke(Method.java:498)
	at org.apache.ibatis.plugin.Plugin.invoke(Plugin.java:63)
	at com.sun.proxy.$Proxy95.update(Unknown Source)
	at org.apache.ibatis.session.defaults.DefaultSqlSession.update(DefaultSqlSession.java:198)
	at org.apache.ibatis.session.defaults.DefaultSqlSession.insert(DefaultSqlSession.java:185)
	at sun.reflect.NativeMethodAccessorImpl.invoke0(Native Method)
	at sun.reflect.NativeMethodAccessorImpl.invoke(NativeMethodAccessorImpl.java:62)
	at sun.reflect.DelegatingMethodAccessorImpl.invoke(DelegatingMethodAccessorImpl.java:43)
	at java.lang.reflect.Method.invoke(Method.java:498)
	at org.mybatis.spring.SqlSessionTemplate$SqlSessionInterceptor.invoke(SqlSessionTemplate.java:433)
	... 45 more
Caused by: com.alibaba.druid.sql.parser.ParserException: error pos 12, line 1, column 12, token LPAREN
	at com.alibaba.druid.sql.parser.SQLExprParser.name(SQLExprParser.java:1370)
	at com.alibaba.druid.sql.dialect.mysql.parser.MySqlStatementParser.parseInsert(MySqlStatementParser.java:2428)
	at com.alibaba.druid.sql.dialect.mysql.parser.MySqlStatementParser.parseInsert(MySqlStatementParser.java:47)
	at com.alibaba.druid.sql.parser.SQLStatementParser.parseStatementList(SQLStatementParser.java:167)
	at com.alibaba.druid.sql.parser.SQLStatementParser.parseStatementList(SQLStatementParser.java:83)
	at com.alibaba.druid.wall.WallProvider.checkInternal(WallProvider.java:624)
	at com.alibaba.druid.wall.WallProvider.check(WallProvider.java:578)
	at com.alibaba.druid.wall.WallFilter.checkInternal(WallFilter.java:785)
	... 72 more
].
2018-07-18 15:26:41.217 logback [http-nio-8091-exec-6] ERROR c.e.f.c.e.h.ExceptionActionAdvice.logException - Exception ===== [File][Wrapper6.java][Method][invokeMethod][Line][-1] ===== [com.edwin.fsg.model.MLog cannot be cast to com.edwin.fsg.model.MLog].
2018-07-18 15:26:41.425 logback [http-nio-8091-exec-5] ERROR c.e.f.c.e.h.ExceptionActionAdvice.logException - Exception ===== [File][Wrapper6.java][Method][invokeMethod][Line][-1] ===== [com.edwin.fsg.model.MLog cannot be cast to com.edwin.fsg.model.MLog].
2018-07-18 15:27:37.381 logback [http-nio-8091-exec-1] ERROR c.e.f.c.e.h.ExceptionActionAdvice.logException - Exception ===== [File][Wrapper6.java][Method][invokeMethod][Line][-1] ===== [com.edwin.fsg.model.MLog cannot be cast to com.edwin.fsg.model.MLog].
2018-07-18 15:27:37.582 logback [http-nio-8091-exec-9] ERROR c.e.f.c.e.h.ExceptionActionAdvice.logException - Exception ===== [File][Wrapper6.java][Method][invokeMethod][Line][-1] ===== [com.edwin.fsg.model.MLog cannot be cast to com.edwin.fsg.model.MLog].
2018-07-18 15:29:35.338 logback [http-nio-8091-exec-10] ERROR c.e.f.c.e.h.ExceptionActionAdvice.logException - Exception ===== [File][DispatcherServlet.java][Method][doDispatch][Line][982] ===== [Handler dispatch failed; nested exception is java.lang.Error: Unresolved compilation problem: 
	createDate cannot be resolved or is not a field
].
2018-07-18 15:29:35.528 logback [http-nio-8091-exec-9] ERROR c.e.f.c.e.h.ExceptionActionAdvice.logException - Exception ===== [File][DispatcherServlet.java][Method][doDispatch][Line][982] ===== [Handler dispatch failed; nested exception is java.lang.Error: Unresolved compilation problem: 
	createDate cannot be resolved or is not a field
].
2018-07-18 15:32:11.495 logback [http-nio-8091-exec-10] ERROR c.e.f.c.e.h.ExceptionActionAdvice.logException - Exception ===== [File][Wrapper54.java][Method][invokeMethod][Line][-1] ===== [com.edwin.fsg.model.MLog cannot be cast to com.edwin.fsg.model.MLog].
2018-07-18 15:32:11.774 logback [http-nio-8091-exec-9] ERROR c.e.f.c.e.h.ExceptionActionAdvice.logException - Exception ===== [File][Wrapper54.java][Method][invokeMethod][Line][-1] ===== [com.edwin.fsg.model.MLog cannot be cast to com.edwin.fsg.model.MLog].
2018-07-18 15:32:41.970 logback [http-nio-8091-exec-5] ERROR c.e.f.c.e.h.ExceptionActionAdvice.logException - Exception ===== [File][Wrapper54.java][Method][invokeMethod][Line][-1] ===== [com.edwin.fsg.model.MLog cannot be cast to com.edwin.fsg.model.MLog].
2018-07-18 15:32:42.137 logback [http-nio-8091-exec-4] ERROR c.e.f.c.e.h.ExceptionActionAdvice.logException - Exception ===== [File][Wrapper54.java][Method][invokeMethod][Line][-1] ===== [com.edwin.fsg.model.MLog cannot be cast to com.edwin.fsg.model.MLog].
2018-07-18 15:35:00.674 logback [http-nio-8091-exec-1] ERROR c.e.f.c.e.h.ExceptionActionAdvice.logException - Exception ===== [File][Wrapper54.java][Method][invokeMethod][Line][-1] ===== [com.edwin.fsg.model.MLog cannot be cast to com.edwin.fsg.model.MLog].
2018-07-18 15:35:00.865 logback [http-nio-8091-exec-3] ERROR c.e.f.c.e.h.ExceptionActionAdvice.logException - Exception ===== [File][Wrapper54.java][Method][invokeMethod][Line][-1] ===== [com.edwin.fsg.model.MLog cannot be cast to com.edwin.fsg.model.MLog].
2018-07-18 15:37:37.044 logback [http-nio-8091-exec-10] ERROR c.e.f.c.e.h.ExceptionActionAdvice.logException - Exception ===== [File][FailoverClusterInvoker.java][Method][doInvoke][Line][101] ===== [Failed to invoke the method insertLog in the service com.edwin.fsg.service.LogMapperService. Tried 3 times of the providers [169.254.242.93:20880] (1/1) from the registry 192.168.0.19:2181 on the consumer 169.254.242.93 using the dubbo version 2.0.1. Last error is: Invoke remote method timeout. method: insertLog, provider: dubbo://169.254.242.93:20880/com.edwin.fsg.service.LogMapperService?anyhost=true&application=FSG-ORDER-WEB-CONSTOMER&check=false&dubbo=2.0.1&generic=false&interface=com.edwin.fsg.service.LogMapperService&methods=getById,findPage,insertLog&pid=12680&register.ip=169.254.242.93&remote.timestamp=1531899393793&side=consumer&timestamp=1531899426606, cause: Waiting server-side response timeout. start time: 2018-07-18 15:37:36.039, end time: 2018-07-18 15:37:37.040, client elapsed: 0 ms, server elapsed: 1001 ms, timeout: 1000 ms, request: Request [id=2, version=2.0.0, twoway=true, event=false, broken=false, data=RpcInvocation [methodName=insertLog, parameterTypes=[class com.edwin.fsg.model.MLog], arguments=[MLog [id=null, createName=XITONG, createTime=Wed Jul 18 15:37:33 CST 2018, remark=获取用户信息-->]], attachments={path=com.edwin.fsg.service.LogMapperService, interface=com.edwin.fsg.service.LogMapperService, version=0.0.0}]], channel: /169.254.242.93:8765 -> /169.254.242.93:20880].
2018-07-18 15:37:40.309 logback [http-nio-8091-exec-9] ERROR c.e.f.c.e.h.ExceptionActionAdvice.logException - Exception ===== [File][FailoverClusterInvoker.java][Method][doInvoke][Line][101] ===== [Failed to invoke the method insertLog in the service com.edwin.fsg.service.LogMapperService. Tried 3 times of the providers [169.254.242.93:20880] (1/1) from the registry 192.168.0.19:2181 on the consumer 169.254.242.93 using the dubbo version 2.0.1. Last error is: Invoke remote method timeout. method: insertLog, provider: dubbo://169.254.242.93:20880/com.edwin.fsg.service.LogMapperService?anyhost=true&application=FSG-ORDER-WEB-CONSTOMER&check=false&dubbo=2.0.1&generic=false&interface=com.edwin.fsg.service.LogMapperService&methods=getById,findPage,insertLog&pid=12680&register.ip=169.254.242.93&remote.timestamp=1531899393793&side=consumer&timestamp=1531899426606, cause: Waiting server-side response timeout by scan timer. start time: 2018-07-18 15:37:39.299, end time: 2018-07-18 15:37:40.308, client elapsed: 0 ms, server elapsed: 1009 ms, timeout: 1000 ms, request: Request [id=5, version=2.0.0, twoway=true, event=false, broken=false, data=RpcInvocation [methodName=insertLog, parameterTypes=[class com.edwin.fsg.model.MLog], arguments=[MLog [id=null, createName=XITONG, createTime=Wed Jul 18 15:37:37 CST 2018, remark=获取用户信息-->]], attachments={path=com.edwin.fsg.service.LogMapperService, interface=com.edwin.fsg.service.LogMapperService, version=0.0.0}]], channel: /169.254.242.93:8765 -> /169.254.242.93:20880].
2018-07-18 15:51:01.000 logback [http-nio-8091-exec-10] ERROR c.e.f.c.e.h.ExceptionActionAdvice.logException - Exception ===== [File][Wrapper36.java][Method][invokeMethod][Line][-1] ===== [com.edwin.fsg.model.MLog cannot be cast to com.edwin.fsg.model.MLog].
2018-07-18 15:51:01.593 logback [http-nio-8091-exec-9] ERROR c.e.f.c.e.h.ExceptionActionAdvice.logException - Exception ===== [File][Wrapper36.java][Method][invokeMethod][Line][-1] ===== [com.edwin.fsg.model.MLog cannot be cast to com.edwin.fsg.model.MLog].
2018-07-18 15:52:34.647 logback [http-nio-8091-exec-7] ERROR c.e.f.c.e.h.ExceptionActionAdvice.logException - Exception ===== [File][Rfc6265CookieProcessor.java][Method][validateCookieValue][Line][182] ===== [An invalid character [34] was present in the Cookie value].
2018-07-18 15:52:34.903 logback [http-nio-8091-exec-6] ERROR c.e.f.c.e.h.ExceptionActionAdvice.logException - Exception ===== [File][Rfc6265CookieProcessor.java][Method][validateCookieValue][Line][182] ===== [An invalid character [34] was present in the Cookie value].
2018-07-18 15:52:48.599 logback [http-nio-8091-exec-10] ERROR c.e.f.c.e.h.ExceptionActionAdvice.logException - Exception ===== [File][Rfc6265CookieProcessor.java][Method][validateCookieValue][Line][182] ===== [An invalid character [34] was present in the Cookie value].
2018-07-18 15:52:48.917 logback [http-nio-8091-exec-9] ERROR c.e.f.c.e.h.ExceptionActionAdvice.logException - Exception ===== [File][Rfc6265CookieProcessor.java][Method][validateCookieValue][Line][182] ===== [An invalid character [34] was present in the Cookie value].
2018-07-18 15:53:48.053 logback [http-nio-8091-exec-1] ERROR c.e.f.c.e.h.ExceptionActionAdvice.logException - Exception ===== [File][Rfc6265CookieProcessor.java][Method][validateCookieValue][Line][182] ===== [An invalid character [34] was present in the Cookie value].
2018-07-18 15:53:48.373 logback [http-nio-8091-exec-7] ERROR c.e.f.c.e.h.ExceptionActionAdvice.logException - Exception ===== [File][Rfc6265CookieProcessor.java][Method][validateCookieValue][Line][182] ===== [An invalid character [34] was present in the Cookie value].
2018-07-18 15:55:01.898 logback [http-nio-8091-exec-10] ERROR c.e.f.c.e.h.ExceptionActionAdvice.logException - Exception ===== [File][Rfc6265CookieProcessor.java][Method][validateCookieValue][Line][182] ===== [An invalid character [34] was present in the Cookie value].
2018-07-18 15:55:22.290 logback [http-nio-8091-exec-8] ERROR c.e.f.c.e.h.ExceptionActionAdvice.logException - Exception ===== [File][Rfc6265CookieProcessor.java][Method][validateCookieValue][Line][182] ===== [An invalid character [34] was present in the Cookie value].
2018-07-18 16:51:54.401 logback [http-nio-8091-exec-2] ERROR c.e.f.c.e.h.ExceptionActionAdvice.logException - Exception ===== [File][ExceptionFilter.java][Method][invoke][Line][106] ===== [org.apache.ibatis.builder.IncompleteElementException: Could not find SQL statement to include with refid 'com.edwin.fsg.mapper.LogMapper.'
org.apache.ibatis.builder.IncompleteElementException: Could not find SQL statement to include with refid 'com.edwin.fsg.mapper.LogMapper.'
	at org.apache.ibatis.builder.xml.XMLIncludeTransformer.findSqlFragment(XMLIncludeTransformer.java:99)
	at org.apache.ibatis.builder.xml.XMLIncludeTransformer.applyIncludes(XMLIncludeTransformer.java:61)
	at org.apache.ibatis.builder.xml.XMLIncludeTransformer.applyIncludes(XMLIncludeTransformer.java:83)
	at org.apache.ibatis.builder.xml.XMLIncludeTransformer.applyIncludes(XMLIncludeTransformer.java:51)
	at org.apache.ibatis.builder.xml.XMLStatementBuilder.parseStatementNode(XMLStatementBuilder.java:88)
	at org.apache.ibatis.session.Configuration.buildAllStatements(Configuration.java:788)
	at org.apache.ibatis.session.Configuration.hasStatement(Configuration.java:758)
	at org.apache.ibatis.session.Configuration.hasStatement(Configuration.java:753)
	at org.apache.ibatis.binding.MapperMethod$SqlCommand.resolveMappedStatement(MapperMethod.java:249)
	at org.apache.ibatis.binding.MapperMethod$SqlCommand.<init>(MapperMethod.java:219)
	at org.apache.ibatis.binding.MapperMethod.<init>(MapperMethod.java:49)
	at org.apache.ibatis.binding.MapperProxy.cachedMapperMethod(MapperProxy.java:65)
	at org.apache.ibatis.binding.MapperProxy.invoke(MapperProxy.java:58)
	at com.sun.proxy.$Proxy85.insertLog(Unknown Source)
	at com.edwin.fsg.service.impl.LogMapperServiceImpl.insertLog(LogMapperServiceImpl.java:25)
	at com.edwin.fsg.service.impl.LogMapperServiceImpl$$FastClassBySpringCGLIB$$abb38cd3.invoke(<generated>)
	at org.springframework.cglib.proxy.MethodProxy.invoke(MethodProxy.java:204)
	at org.springframework.aop.framework.CglibAopProxy$CglibMethodInvocation.invokeJoinpoint(CglibAopProxy.java:736)
	at org.springframework.aop.framework.ReflectiveMethodInvocation.proceed(ReflectiveMethodInvocation.java:157)
	at org.springframework.transaction.interceptor.TransactionInterceptor$1.proceedWithInvocation(TransactionInterceptor.java:99)
	at org.springframework.transaction.interceptor.TransactionAspectSupport.invokeWithinTransaction(TransactionAspectSupport.java:282)
	at org.springframework.transaction.interceptor.TransactionInterceptor.invoke(TransactionInterceptor.java:96)
	at org.springframework.aop.framework.ReflectiveMethodInvocation.proceed(ReflectiveMethodInvocation.java:179)
	at org.springframework.aop.framework.CglibAopProxy$DynamicAdvisedInterceptor.intercept(CglibAopProxy.java:671)
	at com.edwin.fsg.service.impl.LogMapperServiceImpl$$EnhancerBySpringCGLIB$$61130b64.insertLog(<generated>)
	at com.alibaba.dubbo.common.bytecode.Wrapper0.invokeMethod(Wrapper0.java)
	at com.alibaba.dubbo.rpc.proxy.javassist.JavassistProxyFactory$1.doInvoke(JavassistProxyFactory.java:47)
	at com.alibaba.dubbo.rpc.proxy.AbstractProxyInvoker.invoke(AbstractProxyInvoker.java:76)
	at com.alibaba.dubbo.config.invoker.DelegateProviderMetaDataInvoker.invoke(DelegateProviderMetaDataInvoker.java:52)
	at com.alibaba.dubbo.rpc.protocol.InvokerWrapper.invoke(InvokerWrapper.java:56)
	at com.alibaba.dubbo.rpc.filter.ExceptionFilter.invoke(ExceptionFilter.java:62)
	at com.alibaba.dubbo.rpc.protocol.ProtocolFilterWrapper$1.invoke(ProtocolFilterWrapper.java:72)
	at com.alibaba.dubbo.monitor.support.MonitorFilter.invoke(MonitorFilter.java:75)
	at com.alibaba.dubbo.rpc.protocol.ProtocolFilterWrapper$1.invoke(ProtocolFilterWrapper.java:72)
	at com.alibaba.dubbo.rpc.filter.TimeoutFilter.invoke(TimeoutFilter.java:42)
	at com.alibaba.dubbo.rpc.protocol.ProtocolFilterWrapper$1.invoke(ProtocolFilterWrapper.java:72)
	at com.alibaba.dubbo.rpc.protocol.dubbo.filter.TraceFilter.invoke(TraceFilter.java:78)
	at com.alibaba.dubbo.rpc.protocol.ProtocolFilterWrapper$1.invoke(ProtocolFilterWrapper.java:72)
	at com.alibaba.dubbo.rpc.filter.ContextFilter.invoke(ContextFilter.java:72)
	at com.alibaba.dubbo.rpc.protocol.ProtocolFilterWrapper$1.invoke(ProtocolFilterWrapper.java:72)
	at com.alibaba.dubbo.rpc.filter.GenericFilter.invoke(GenericFilter.java:131)
	at com.alibaba.dubbo.rpc.protocol.ProtocolFilterWrapper$1.invoke(ProtocolFilterWrapper.java:72)
	at com.alibaba.dubbo.rpc.filter.ClassLoaderFilter.invoke(ClassLoaderFilter.java:38)
	at com.alibaba.dubbo.rpc.protocol.ProtocolFilterWrapper$1.invoke(ProtocolFilterWrapper.java:72)
	at com.alibaba.dubbo.rpc.filter.EchoFilter.invoke(EchoFilter.java:38)
	at com.alibaba.dubbo.rpc.protocol.ProtocolFilterWrapper$1.invoke(ProtocolFilterWrapper.java:72)
	at com.alibaba.dubbo.rpc.protocol.dubbo.DubboProtocol$1.reply(DubboProtocol.java:103)
	at com.alibaba.dubbo.remoting.exchange.support.header.HeaderExchangeHandler.handleRequest(HeaderExchangeHandler.java:96)
	at com.alibaba.dubbo.remoting.exchange.support.header.HeaderExchangeHandler.received(HeaderExchangeHandler.java:172)
	at com.alibaba.dubbo.remoting.transport.DecodeHandler.received(DecodeHandler.java:51)
	at com.alibaba.dubbo.remoting.transport.dispatcher.ChannelEventRunnable.run(ChannelEventRunnable.java:80)
	at java.util.concurrent.ThreadPoolExecutor.runWorker(ThreadPoolExecutor.java:1149)
	at java.util.concurrent.ThreadPoolExecutor$Worker.run(ThreadPoolExecutor.java:624)
	at java.lang.Thread.run(Thread.java:748)
Caused by: java.lang.IllegalArgumentException: XML fragments parsed from previous mappers does not contain value for com.edwin.fsg.mapper.LogMapper.
	at org.apache.ibatis.session.Configuration$StrictMap.get(Configuration.java:888)
	at org.apache.ibatis.builder.xml.XMLIncludeTransformer.findSqlFragment(XMLIncludeTransformer.java:96)
	... 53 more
].
2018-07-18 16:54:14.969 logback [http-nio-8091-exec-5] ERROR c.e.f.c.e.h.ExceptionActionAdvice.logException - Exception ===== [File][Wrapper6.java][Method][invokeMethod][Line][-1] ===== [com.edwin.fsg.model.MLog cannot be cast to com.edwin.fsg.model.MLog].
2018-07-18 16:54:43.627 logback [http-nio-8091-exec-6] ERROR c.e.f.c.e.h.ExceptionActionAdvice.logException - Exception ===== [File][Wrapper6.java][Method][invokeMethod][Line][-1] ===== [com.edwin.fsg.model.MLog cannot be cast to com.edwin.fsg.model.MLog].
2018-07-18 16:56:06.894 logback [http-nio-8091-exec-9] ERROR c.e.f.c.e.h.ExceptionActionAdvice.logException - Exception ===== [File][Wrapper7.java][Method][invokeMethod][Line][-1] ===== [com.edwin.fsg.model.MLog cannot be cast to com.edwin.fsg.model.MLog].
2018-07-18 16:57:46.930 logback [http-nio-8091-exec-2] ERROR c.e.f.c.e.h.ExceptionActionAdvice.logException - Exception ===== [File][ExceptionFilter.java][Method][invoke][Line][106] ===== [org.apache.ibatis.builder.IncompleteElementException: Could not find SQL statement to include with refid 'com.edwin.fsg.mapper.LogMapper.'
org.apache.ibatis.builder.IncompleteElementException: Could not find SQL statement to include with refid 'com.edwin.fsg.mapper.LogMapper.'
	at org.apache.ibatis.builder.xml.XMLIncludeTransformer.findSqlFragment(XMLIncludeTransformer.java:99)
	at org.apache.ibatis.builder.xml.XMLIncludeTransformer.applyIncludes(XMLIncludeTransformer.java:61)
	at org.apache.ibatis.builder.xml.XMLIncludeTransformer.applyIncludes(XMLIncludeTransformer.java:83)
	at org.apache.ibatis.builder.xml.XMLIncludeTransformer.applyIncludes(XMLIncludeTransformer.java:51)
	at org.apache.ibatis.builder.xml.XMLStatementBuilder.parseStatementNode(XMLStatementBuilder.java:88)
	at org.apache.ibatis.session.Configuration.buildAllStatements(Configuration.java:788)
	at org.apache.ibatis.session.Configuration.hasStatement(Configuration.java:758)
	at org.apache.ibatis.session.Configuration.hasStatement(Configuration.java:753)
	at org.apache.ibatis.binding.MapperMethod$SqlCommand.resolveMappedStatement(MapperMethod.java:249)
	at org.apache.ibatis.binding.MapperMethod$SqlCommand.<init>(MapperMethod.java:219)
	at org.apache.ibatis.binding.MapperMethod.<init>(MapperMethod.java:49)
	at org.apache.ibatis.binding.MapperProxy.cachedMapperMethod(MapperProxy.java:65)
	at org.apache.ibatis.binding.MapperProxy.invoke(MapperProxy.java:58)
	at com.sun.proxy.$Proxy85.insertLog(Unknown Source)
	at com.edwin.fsg.service.impl.LogMapperServiceImpl.insertLog(LogMapperServiceImpl.java:30)
	at com.edwin.fsg.service.impl.LogMapperServiceImpl$$FastClassBySpringCGLIB$$abb38cd3.invoke(<generated>)
	at org.springframework.cglib.proxy.MethodProxy.invoke(MethodProxy.java:204)
	at org.springframework.aop.framework.CglibAopProxy$CglibMethodInvocation.invokeJoinpoint(CglibAopProxy.java:736)
	at org.springframework.aop.framework.ReflectiveMethodInvocation.proceed(ReflectiveMethodInvocation.java:157)
	at org.springframework.transaction.interceptor.TransactionInterceptor$1.proceedWithInvocation(TransactionInterceptor.java:99)
	at org.springframework.transaction.interceptor.TransactionAspectSupport.invokeWithinTransaction(TransactionAspectSupport.java:282)
	at org.springframework.transaction.interceptor.TransactionInterceptor.invoke(TransactionInterceptor.java:96)
	at org.springframework.aop.framework.ReflectiveMethodInvocation.proceed(ReflectiveMethodInvocation.java:179)
	at org.springframework.aop.framework.CglibAopProxy$DynamicAdvisedInterceptor.intercept(CglibAopProxy.java:671)
	at com.edwin.fsg.service.impl.LogMapperServiceImpl$$EnhancerBySpringCGLIB$$64691f0d.insertLog(<generated>)
	at com.alibaba.dubbo.common.bytecode.Wrapper0.invokeMethod(Wrapper0.java)
	at com.alibaba.dubbo.rpc.proxy.javassist.JavassistProxyFactory$1.doInvoke(JavassistProxyFactory.java:47)
	at com.alibaba.dubbo.rpc.proxy.AbstractProxyInvoker.invoke(AbstractProxyInvoker.java:76)
	at com.alibaba.dubbo.config.invoker.DelegateProviderMetaDataInvoker.invoke(DelegateProviderMetaDataInvoker.java:52)
	at com.alibaba.dubbo.rpc.protocol.InvokerWrapper.invoke(InvokerWrapper.java:56)
	at com.alibaba.dubbo.rpc.filter.ExceptionFilter.invoke(ExceptionFilter.java:62)
	at com.alibaba.dubbo.rpc.protocol.ProtocolFilterWrapper$1.invoke(ProtocolFilterWrapper.java:72)
	at com.alibaba.dubbo.monitor.support.MonitorFilter.invoke(MonitorFilter.java:75)
	at com.alibaba.dubbo.rpc.protocol.ProtocolFilterWrapper$1.invoke(ProtocolFilterWrapper.java:72)
	at com.alibaba.dubbo.rpc.filter.TimeoutFilter.invoke(TimeoutFilter.java:42)
	at com.alibaba.dubbo.rpc.protocol.ProtocolFilterWrapper$1.invoke(ProtocolFilterWrapper.java:72)
	at com.alibaba.dubbo.rpc.protocol.dubbo.filter.TraceFilter.invoke(TraceFilter.java:78)
	at com.alibaba.dubbo.rpc.protocol.ProtocolFilterWrapper$1.invoke(ProtocolFilterWrapper.java:72)
	at com.alibaba.dubbo.rpc.filter.ContextFilter.invoke(ContextFilter.java:72)
	at com.alibaba.dubbo.rpc.protocol.ProtocolFilterWrapper$1.invoke(ProtocolFilterWrapper.java:72)
	at com.alibaba.dubbo.rpc.filter.GenericFilter.invoke(GenericFilter.java:131)
	at com.alibaba.dubbo.rpc.protocol.ProtocolFilterWrapper$1.invoke(ProtocolFilterWrapper.java:72)
	at com.alibaba.dubbo.rpc.filter.ClassLoaderFilter.invoke(ClassLoaderFilter.java:38)
	at com.alibaba.dubbo.rpc.protocol.ProtocolFilterWrapper$1.invoke(ProtocolFilterWrapper.java:72)
	at com.alibaba.dubbo.rpc.filter.EchoFilter.invoke(EchoFilter.java:38)
	at com.alibaba.dubbo.rpc.protocol.ProtocolFilterWrapper$1.invoke(ProtocolFilterWrapper.java:72)
	at com.alibaba.dubbo.rpc.protocol.dubbo.DubboProtocol$1.reply(DubboProtocol.java:103)
	at com.alibaba.dubbo.remoting.exchange.support.header.HeaderExchangeHandler.handleRequest(HeaderExchangeHandler.java:96)
	at com.alibaba.dubbo.remoting.exchange.support.header.HeaderExchangeHandler.received(HeaderExchangeHandler.java:172)
	at com.alibaba.dubbo.remoting.transport.DecodeHandler.received(DecodeHandler.java:51)
	at com.alibaba.dubbo.remoting.transport.dispatcher.ChannelEventRunnable.run(ChannelEventRunnable.java:80)
	at java.util.concurrent.ThreadPoolExecutor.runWorker(ThreadPoolExecutor.java:1149)
	at java.util.concurrent.ThreadPoolExecutor$Worker.run(ThreadPoolExecutor.java:624)
	at java.lang.Thread.run(Thread.java:748)
Caused by: java.lang.IllegalArgumentException: XML fragments parsed from previous mappers does not contain value for com.edwin.fsg.mapper.LogMapper.
	at org.apache.ibatis.session.Configuration$StrictMap.get(Configuration.java:888)
	at org.apache.ibatis.builder.xml.XMLIncludeTransformer.findSqlFragment(XMLIncludeTransformer.java:96)
	... 53 more
].
2018-07-18 16:59:59.122 logback [http-nio-8091-exec-5] ERROR c.e.f.c.e.h.ExceptionActionAdvice.logException - Exception ===== [File][Wrapper2.java][Method][invokeMethod][Line][-1] ===== [com.edwin.fsg.model.MLog cannot be cast to com.edwin.fsg.model.MLog].
2018-07-18 17:06:01.595 logback [http-nio-8091-exec-10] ERROR c.e.f.c.e.h.ExceptionActionAdvice.logException - Exception ===== [File][Rfc6265CookieProcessor.java][Method][validateCookieValue][Line][182] ===== [An invalid character [34] was present in the Cookie value].
