2018-07-18 11:17:12.869 logback [restartedMain] INFO  com.edwin.fsg.OrderServiceApp.logStarting - Starting OrderServiceApp on YULANG-PC with PID 13660 (G:\STS\e-parent\e-order-service\target\classes started by Administrator in G:\STS\e-parent\e-order-service)
2018-07-18 11:17:12.876 logback [restartedMain] INFO  com.edwin.fsg.OrderServiceApp.logStartupProfileInfo - No active profile set, falling back to default profiles: default
2018-07-18 11:18:16.102 logback [restartedMain] INFO  com.edwin.fsg.OrderServiceApp.logStarting - Starting OrderServiceApp on YULANG-PC with PID 6308 (G:\STS\e-parent\e-order-service\target\classes started by Administrator in G:\STS\e-parent\e-order-service)
2018-07-18 11:18:16.103 logback [restartedMain] INFO  com.edwin.fsg.OrderServiceApp.logStartupProfileInfo - No active profile set, falling back to default profiles: default
2018-07-18 11:18:39.039 logback [restartedMain] INFO  com.edwin.fsg.OrderServiceApp.logStarted - Started OrderServiceApp in 23.772 seconds (JVM running for 24.512)
2018-07-18 11:22:47.943 logback [restartedMain] INFO  com.edwin.fsg.OrderServiceApp.logStarting - Starting OrderServiceApp on YULANG-PC with PID 6308 (G:\STS\e-parent\e-order-service\target\classes started by Administrator in G:\STS\e-parent\e-order-service)
2018-07-18 11:22:47.944 logback [restartedMain] INFO  com.edwin.fsg.OrderServiceApp.logStartupProfileInfo - No active profile set, falling back to default profiles: default
2018-07-18 11:22:54.747 logback [restartedMain] INFO  com.edwin.fsg.OrderServiceApp.logStarted - Started OrderServiceApp in 6.947 seconds (JVM running for 280.221)
2018-07-18 11:23:14.534 logback [restartedMain] INFO  com.edwin.fsg.OrderServiceApp.logStarting - Starting OrderServiceApp on YULANG-PC with PID 6308 (G:\STS\e-parent\e-order-service\target\classes started by Administrator in G:\STS\e-parent\e-order-service)
2018-07-18 11:23:14.535 logback [restartedMain] INFO  com.edwin.fsg.OrderServiceApp.logStartupProfileInfo - No active profile set, falling back to default profiles: default
2018-07-18 11:23:17.999 logback [restartedMain] INFO  com.edwin.fsg.OrderServiceApp.logStarted - Started OrderServiceApp in 3.55 seconds (JVM running for 303.472)
2018-07-18 11:23:52.182 logback [restartedMain] INFO  com.edwin.fsg.OrderServiceApp.logStarting - Starting OrderServiceApp on YULANG-PC with PID 6308 (G:\STS\e-parent\e-order-service\target\classes started by Administrator in G:\STS\e-parent\e-order-service)
2018-07-18 11:23:52.184 logback [restartedMain] INFO  com.edwin.fsg.OrderServiceApp.logStartupProfileInfo - No active profile set, falling back to default profiles: default
2018-07-18 11:23:56.747 logback [restartedMain] INFO  com.edwin.fsg.OrderServiceApp.logStarted - Started OrderServiceApp in 4.666 seconds (JVM running for 342.221)
2018-07-18 11:24:23.742 logback [restartedMain] INFO  com.edwin.fsg.OrderServiceApp.logStarting - Starting OrderServiceApp on YULANG-PC with PID 6308 (G:\STS\e-parent\e-order-service\target\classes started by Administrator in G:\STS\e-parent\e-order-service)
2018-07-18 11:24:23.742 logback [restartedMain] INFO  com.edwin.fsg.OrderServiceApp.logStartupProfileInfo - No active profile set, falling back to default profiles: default
2018-07-18 11:24:26.390 logback [restartedMain] INFO  com.edwin.fsg.OrderServiceApp.logStarted - Started OrderServiceApp in 2.74 seconds (JVM running for 371.863)
2018-07-18 11:25:10.436 logback [restartedMain] INFO  com.edwin.fsg.OrderServiceApp.logStarting - Starting OrderServiceApp on YULANG-PC with PID 6308 (G:\STS\e-parent\e-order-service\target\classes started by Administrator in G:\STS\e-parent\e-order-service)
2018-07-18 11:25:10.436 logback [restartedMain] INFO  com.edwin.fsg.OrderServiceApp.logStartupProfileInfo - No active profile set, falling back to default profiles: default
2018-07-18 11:25:13.088 logback [restartedMain] INFO  com.edwin.fsg.OrderServiceApp.logStarted - Started OrderServiceApp in 2.751 seconds (JVM running for 418.561)
2018-07-18 11:25:23.819 logback [restartedMain] INFO  com.edwin.fsg.OrderServiceApp.logStarting - Starting OrderServiceApp on YULANG-PC with PID 6308 (G:\STS\e-parent\e-order-service\target\classes started by Administrator in G:\STS\e-parent\e-order-service)
2018-07-18 11:25:23.819 logback [restartedMain] INFO  com.edwin.fsg.OrderServiceApp.logStartupProfileInfo - No active profile set, falling back to default profiles: default
2018-07-18 11:25:26.490 logback [restartedMain] INFO  com.edwin.fsg.OrderServiceApp.logStarted - Started OrderServiceApp in 2.767 seconds (JVM running for 431.963)
2018-07-18 11:25:46.249 logback [restartedMain] INFO  com.edwin.fsg.OrderServiceApp.logStarting - Starting OrderServiceApp on YULANG-PC with PID 6308 (G:\STS\e-parent\e-order-service\target\classes started by Administrator in G:\STS\e-parent\e-order-service)
2018-07-18 11:25:46.249 logback [restartedMain] INFO  com.edwin.fsg.OrderServiceApp.logStartupProfileInfo - No active profile set, falling back to default profiles: default
2018-07-18 11:25:48.189 logback [restartedMain] INFO  com.edwin.fsg.OrderServiceApp.logStarted - Started OrderServiceApp in 2.022 seconds (JVM running for 453.662)
2018-07-18 11:26:00.344 logback [restartedMain] INFO  com.edwin.fsg.OrderServiceApp.logStarting - Starting OrderServiceApp on YULANG-PC with PID 6308 (G:\STS\e-parent\e-order-service\target\classes started by Administrator in G:\STS\e-parent\e-order-service)
2018-07-18 11:26:00.345 logback [restartedMain] INFO  com.edwin.fsg.OrderServiceApp.logStartupProfileInfo - No active profile set, falling back to default profiles: default
2018-07-18 11:26:02.520 logback [restartedMain] INFO  com.edwin.fsg.OrderServiceApp.logStarted - Started OrderServiceApp in 2.244 seconds (JVM running for 467.994)
2018-07-18 11:27:00.036 logback [restartedMain] INFO  com.edwin.fsg.OrderServiceApp.logStarting - Starting OrderServiceApp on YULANG-PC with PID 6308 (G:\STS\e-parent\e-order-service\target\classes started by Administrator in G:\STS\e-parent\e-order-service)
2018-07-18 11:27:00.037 logback [restartedMain] INFO  com.edwin.fsg.OrderServiceApp.logStartupProfileInfo - No active profile set, falling back to default profiles: default
2018-07-18 11:27:03.830 logback [restartedMain] INFO  com.edwin.fsg.OrderServiceApp.logStarted - Started OrderServiceApp in 3.878 seconds (JVM running for 529.303)
2018-07-18 11:27:11.535 logback [restartedMain] INFO  com.edwin.fsg.OrderServiceApp.logStarting - Starting OrderServiceApp on YULANG-PC with PID 6308 (G:\STS\e-parent\e-order-service\target\classes started by Administrator in G:\STS\e-parent\e-order-service)
2018-07-18 11:27:11.535 logback [restartedMain] INFO  com.edwin.fsg.OrderServiceApp.logStartupProfileInfo - No active profile set, falling back to default profiles: default
2018-07-18 11:27:13.524 logback [restartedMain] INFO  com.edwin.fsg.OrderServiceApp.logStarted - Started OrderServiceApp in 2.065 seconds (JVM running for 538.998)
2018-07-18 11:27:19.301 logback [restartedMain] INFO  com.edwin.fsg.OrderServiceApp.logStarting - Starting OrderServiceApp on YULANG-PC with PID 6308 (G:\STS\e-parent\e-order-service\target\classes started by Administrator in G:\STS\e-parent\e-order-service)
2018-07-18 11:27:19.302 logback [restartedMain] INFO  com.edwin.fsg.OrderServiceApp.logStartupProfileInfo - No active profile set, falling back to default profiles: default
2018-07-18 11:27:21.351 logback [restartedMain] INFO  com.edwin.fsg.OrderServiceApp.logStarted - Started OrderServiceApp in 2.098 seconds (JVM running for 546.824)
2018-07-18 11:28:26.231 logback [restartedMain] INFO  com.edwin.fsg.OrderServiceApp.logStarting - Starting OrderServiceApp on YULANG-PC with PID 6308 (G:\STS\e-parent\e-order-service\target\classes started by Administrator in G:\STS\e-parent\e-order-service)
2018-07-18 11:28:26.232 logback [restartedMain] INFO  com.edwin.fsg.OrderServiceApp.logStartupProfileInfo - No active profile set, falling back to default profiles: default
2018-07-18 11:28:28.900 logback [restartedMain] INFO  com.edwin.fsg.OrderServiceApp.logStarted - Started OrderServiceApp in 2.733 seconds (JVM running for 614.372)
2018-07-18 11:29:22.637 logback [restartedMain] INFO  com.edwin.fsg.OrderServiceApp.logStarting - Starting OrderServiceApp on YULANG-PC with PID 6308 (G:\STS\e-parent\e-order-service\target\classes started by Administrator in G:\STS\e-parent\e-order-service)
2018-07-18 11:29:22.637 logback [restartedMain] INFO  com.edwin.fsg.OrderServiceApp.logStartupProfileInfo - No active profile set, falling back to default profiles: default
2018-07-18 11:29:24.671 logback [restartedMain] INFO  com.edwin.fsg.OrderServiceApp.logStarted - Started OrderServiceApp in 2.079 seconds (JVM running for 670.144)
2018-07-18 11:29:33.733 logback [restartedMain] INFO  com.edwin.fsg.OrderServiceApp.logStarting - Starting OrderServiceApp on YULANG-PC with PID 6308 (G:\STS\e-parent\e-order-service\target\classes started by Administrator in G:\STS\e-parent\e-order-service)
2018-07-18 11:29:33.734 logback [restartedMain] INFO  com.edwin.fsg.OrderServiceApp.logStartupProfileInfo - No active profile set, falling back to default profiles: default
2018-07-18 11:29:35.903 logback [restartedMain] INFO  com.edwin.fsg.OrderServiceApp.logStarted - Started OrderServiceApp in 2.238 seconds (JVM running for 681.376)
2018-07-18 11:30:47.803 logback [restartedMain] INFO  com.edwin.fsg.OrderServiceApp.logStarting - Starting OrderServiceApp on YULANG-PC with PID 6308 (G:\STS\e-parent\e-order-service\target\classes started by Administrator in G:\STS\e-parent\e-order-service)
2018-07-18 11:30:47.803 logback [restartedMain] INFO  com.edwin.fsg.OrderServiceApp.logStartupProfileInfo - No active profile set, falling back to default profiles: default
2018-07-18 11:30:50.370 logback [restartedMain] INFO  com.edwin.fsg.OrderServiceApp.logStarted - Started OrderServiceApp in 2.658 seconds (JVM running for 755.844)
2018-07-18 11:30:59.758 logback [restartedMain] INFO  com.edwin.fsg.OrderServiceApp.logStarting - Starting OrderServiceApp on YULANG-PC with PID 6308 (G:\STS\e-parent\e-order-service\target\classes started by Administrator in G:\STS\e-parent\e-order-service)
2018-07-18 11:30:59.758 logback [restartedMain] INFO  com.edwin.fsg.OrderServiceApp.logStartupProfileInfo - No active profile set, falling back to default profiles: default
2018-07-18 11:31:01.830 logback [restartedMain] INFO  com.edwin.fsg.OrderServiceApp.logStarted - Started OrderServiceApp in 2.129 seconds (JVM running for 767.304)
2018-07-18 11:32:23.210 logback [restartedMain] INFO  com.edwin.fsg.OrderServiceApp.logStarting - Starting OrderServiceApp on YULANG-PC with PID 6308 (G:\STS\e-parent\e-order-service\target\classes started by Administrator in G:\STS\e-parent\e-order-service)
2018-07-18 11:32:23.217 logback [restartedMain] INFO  com.edwin.fsg.OrderServiceApp.logStartupProfileInfo - No active profile set, falling back to default profiles: default
2018-07-18 11:32:28.120 logback [restartedMain] INFO  com.edwin.fsg.OrderServiceApp.logStarted - Started OrderServiceApp in 5.095 seconds (JVM running for 853.594)
2018-07-18 11:32:33.781 logback [restartedMain] INFO  com.edwin.fsg.OrderServiceApp.logStarting - Starting OrderServiceApp on YULANG-PC with PID 6308 (G:\STS\e-parent\e-order-service\target\classes started by Administrator in G:\STS\e-parent\e-order-service)
2018-07-18 11:32:33.781 logback [restartedMain] INFO  com.edwin.fsg.OrderServiceApp.logStartupProfileInfo - No active profile set, falling back to default profiles: default
2018-07-18 11:32:39.097 logback [restartedMain] INFO  com.edwin.fsg.OrderServiceApp.logStarted - Started OrderServiceApp in 5.374 seconds (JVM running for 864.57)
2018-07-18 11:32:45.657 logback [restartedMain] INFO  com.edwin.fsg.OrderServiceApp.logStarting - Starting OrderServiceApp on YULANG-PC with PID 6308 (G:\STS\e-parent\e-order-service\target\classes started by Administrator in G:\STS\e-parent\e-order-service)
2018-07-18 11:32:45.658 logback [restartedMain] INFO  com.edwin.fsg.OrderServiceApp.logStartupProfileInfo - No active profile set, falling back to default profiles: default
2018-07-18 11:32:48.081 logback [restartedMain] INFO  com.edwin.fsg.OrderServiceApp.logStarted - Started OrderServiceApp in 2.468 seconds (JVM running for 873.554)
2018-07-18 11:33:20.638 logback [restartedMain] INFO  com.edwin.fsg.OrderServiceApp.logStarting - Starting OrderServiceApp on YULANG-PC with PID 6308 (G:\STS\e-parent\e-order-service\target\classes started by Administrator in G:\STS\e-parent\e-order-service)
2018-07-18 11:33:20.639 logback [restartedMain] INFO  com.edwin.fsg.OrderServiceApp.logStartupProfileInfo - No active profile set, falling back to default profiles: default
2018-07-18 11:33:22.709 logback [restartedMain] INFO  com.edwin.fsg.OrderServiceApp.logStarted - Started OrderServiceApp in 2.131 seconds (JVM running for 908.183)
2018-07-18 11:33:38.929 logback [restartedMain] INFO  com.edwin.fsg.OrderServiceApp.logStarting - Starting OrderServiceApp on YULANG-PC with PID 6308 (G:\STS\e-parent\e-order-service\target\classes started by Administrator in G:\STS\e-parent\e-order-service)
2018-07-18 11:33:38.929 logback [restartedMain] INFO  com.edwin.fsg.OrderServiceApp.logStartupProfileInfo - No active profile set, falling back to default profiles: default
2018-07-18 11:33:41.013 logback [restartedMain] INFO  com.edwin.fsg.OrderServiceApp.logStarted - Started OrderServiceApp in 2.148 seconds (JVM running for 926.486)
2018-07-18 11:34:02.349 logback [restartedMain] INFO  com.edwin.fsg.OrderServiceApp.logStarting - Starting OrderServiceApp on YULANG-PC with PID 6308 (G:\STS\e-parent\e-order-service\target\classes started by Administrator in G:\STS\e-parent\e-order-service)
2018-07-18 11:34:02.349 logback [restartedMain] INFO  com.edwin.fsg.OrderServiceApp.logStartupProfileInfo - No active profile set, falling back to default profiles: default
2018-07-18 11:34:05.317 logback [restartedMain] INFO  com.edwin.fsg.OrderServiceApp.logStarted - Started OrderServiceApp in 3.037 seconds (JVM running for 950.79)
2018-07-18 12:01:11.942 logback [restartedMain] INFO  com.edwin.fsg.OrderServiceApp.logStarting - Starting OrderServiceApp on YULANG-PC with PID 6308 (G:\STS\e-parent\e-order-service\target\classes started by Administrator in G:\STS\e-parent\e-order-service)
2018-07-18 12:01:11.943 logback [restartedMain] INFO  com.edwin.fsg.OrderServiceApp.logStartupProfileInfo - No active profile set, falling back to default profiles: default
2018-07-18 12:01:20.519 logback [restartedMain] INFO  com.edwin.fsg.OrderServiceApp.logStarted - Started OrderServiceApp in 8.859 seconds (JVM running for 2585.993)
2018-07-18 13:54:16.383 logback [restartedMain] INFO  com.edwin.fsg.OrderServiceApp.logStarting - Starting OrderServiceApp on YULANG-PC with PID 6308 (G:\STS\e-parent\e-order-service\target\classes started by Administrator in G:\STS\e-parent\e-order-service)
2018-07-18 13:54:16.383 logback [restartedMain] INFO  com.edwin.fsg.OrderServiceApp.logStartupProfileInfo - No active profile set, falling back to default profiles: default
2018-07-18 13:55:13.523 logback [restartedMain] INFO  com.edwin.fsg.OrderServiceApp.logStarting - Starting OrderServiceApp on YULANG-PC with PID 6308 (G:\STS\e-parent\e-order-service\target\classes started by Administrator in G:\STS\e-parent\e-order-service)
2018-07-18 13:55:13.523 logback [restartedMain] INFO  com.edwin.fsg.OrderServiceApp.logStartupProfileInfo - No active profile set, falling back to default profiles: default
2018-07-18 13:55:34.748 logback [restartedMain] INFO  com.edwin.fsg.OrderServiceApp.logStarting - Starting OrderServiceApp on YULANG-PC with PID 6308 (G:\STS\e-parent\e-order-service\target\classes started by Administrator in G:\STS\e-parent\e-order-service)
2018-07-18 13:55:34.748 logback [restartedMain] INFO  com.edwin.fsg.OrderServiceApp.logStartupProfileInfo - No active profile set, falling back to default profiles: default
2018-07-18 13:56:10.623 logback [restartedMain] INFO  com.edwin.fsg.OrderServiceApp.logStarting - Starting OrderServiceApp on YULANG-PC with PID 6308 (G:\STS\e-parent\e-order-service\target\classes started by Administrator in G:\STS\e-parent\e-order-service)
2018-07-18 13:56:10.624 logback [restartedMain] INFO  com.edwin.fsg.OrderServiceApp.logStartupProfileInfo - No active profile set, falling back to default profiles: default
2018-07-18 13:56:18.871 logback [restartedMain] INFO  com.edwin.fsg.OrderServiceApp.logStarting - Starting OrderServiceApp on YULANG-PC with PID 6308 (G:\STS\e-parent\e-order-service\target\classes started by Administrator in G:\STS\e-parent\e-order-service)
2018-07-18 13:56:18.871 logback [restartedMain] INFO  com.edwin.fsg.OrderServiceApp.logStartupProfileInfo - No active profile set, falling back to default profiles: default
2018-07-18 13:56:37.907 logback [restartedMain] INFO  com.edwin.fsg.OrderServiceApp.logStarting - Starting OrderServiceApp on YULANG-PC with PID 6308 (G:\STS\e-parent\e-order-service\target\classes started by Administrator in G:\STS\e-parent\e-order-service)
2018-07-18 13:56:37.908 logback [restartedMain] INFO  com.edwin.fsg.OrderServiceApp.logStartupProfileInfo - No active profile set, falling back to default profiles: default
2018-07-18 14:29:40.855 logback [restartedMain] INFO  com.edwin.fsg.OrderServiceApp.logStarting - Starting OrderServiceApp on YULANG-PC with PID 6308 (G:\STS\e-parent\e-order-service\target\classes started by Administrator in G:\STS\e-parent\e-order-service)
2018-07-18 14:29:40.856 logback [restartedMain] INFO  com.edwin.fsg.OrderServiceApp.logStartupProfileInfo - No active profile set, falling back to default profiles: default
2018-07-18 14:34:34.741 logback [restartedMain] INFO  com.edwin.fsg.OrderServiceApp.logStarting - Starting OrderServiceApp on YULANG-PC with PID 6308 (G:\STS\e-parent\e-order-service\target\classes started by Administrator in G:\STS\e-parent\e-order-service)
2018-07-18 14:34:34.742 logback [restartedMain] INFO  com.edwin.fsg.OrderServiceApp.logStartupProfileInfo - No active profile set, falling back to default profiles: default
2018-07-18 14:34:47.415 logback [restartedMain] INFO  com.edwin.fsg.OrderServiceApp.logStarting - Starting OrderServiceApp on YULANG-PC with PID 6308 (G:\STS\e-parent\e-order-service\target\classes started by Administrator in G:\STS\e-parent\e-order-service)
2018-07-18 14:34:47.415 logback [restartedMain] INFO  com.edwin.fsg.OrderServiceApp.logStartupProfileInfo - No active profile set, falling back to default profiles: default
2018-07-18 14:35:44.673 logback [restartedMain] INFO  com.edwin.fsg.OrderServiceApp.logStarting - Starting OrderServiceApp on YULANG-PC with PID 6308 (G:\STS\e-parent\e-order-service\target\classes started by Administrator in G:\STS\e-parent\e-order-service)
2018-07-18 14:35:44.674 logback [restartedMain] INFO  com.edwin.fsg.OrderServiceApp.logStartupProfileInfo - No active profile set, falling back to default profiles: default
2018-07-18 14:36:07.664 logback [restartedMain] INFO  com.edwin.fsg.OrderServiceApp.logStarting - Starting OrderServiceApp on YULANG-PC with PID 6308 (G:\STS\e-parent\e-order-service\target\classes started by Administrator in G:\STS\e-parent\e-order-service)
2018-07-18 14:36:07.664 logback [restartedMain] INFO  com.edwin.fsg.OrderServiceApp.logStartupProfileInfo - No active profile set, falling back to default profiles: default
2018-07-18 14:40:03.094 logback [restartedMain] INFO  com.edwin.fsg.OrderServiceApp.logStarting - Starting OrderServiceApp on YULANG-PC with PID 12048 (G:\STS\e-parent\e-order-service\target\classes started by Administrator in G:\STS\e-parent\e-order-service)
2018-07-18 14:40:03.095 logback [restartedMain] INFO  com.edwin.fsg.OrderServiceApp.logStartupProfileInfo - No active profile set, falling back to default profiles: default
2018-07-18 14:42:01.457 logback [restartedMain] INFO  com.edwin.fsg.OrderServiceApp.logStarting - Starting OrderServiceApp on YULANG-PC with PID 10092 (G:\STS\e-parent\e-order-service\target\classes started by Administrator in G:\STS\e-parent\e-order-service)
2018-07-18 14:42:01.458 logback [restartedMain] INFO  com.edwin.fsg.OrderServiceApp.logStartupProfileInfo - No active profile set, falling back to default profiles: default
2018-07-18 14:56:54.508 logback [restartedMain] INFO  com.edwin.fsg.OrderServiceApp.logStarting - Starting OrderServiceApp on YULANG-PC with PID 9392 (G:\STS\e-parent\e-order-service\target\classes started by Administrator in G:\STS\e-parent\e-order-service)
2018-07-18 14:56:54.509 logback [restartedMain] INFO  com.edwin.fsg.OrderServiceApp.logStartupProfileInfo - No active profile set, falling back to default profiles: default
2018-07-18 14:58:26.395 logback [restartedMain] INFO  com.edwin.fsg.OrderServiceApp.logStarting - Starting OrderServiceApp on YULANG-PC with PID 10924 (G:\STS\e-parent\e-order-service\target\classes started by Administrator in G:\STS\e-parent\e-order-service)
2018-07-18 14:58:26.396 logback [restartedMain] INFO  com.edwin.fsg.OrderServiceApp.logStartupProfileInfo - No active profile set, falling back to default profiles: default
2018-07-18 15:00:29.444 logback [restartedMain] INFO  com.edwin.fsg.OrderServiceApp.logStarting - Starting OrderServiceApp on YULANG-PC with PID 14560 (G:\STS\e-parent\e-order-service\target\classes started by Administrator in G:\STS\e-parent\e-order-service)
2018-07-18 15:00:29.445 logback [restartedMain] INFO  com.edwin.fsg.OrderServiceApp.logStartupProfileInfo - No active profile set, falling back to default profiles: default
2018-07-18 15:00:56.065 logback [restartedMain] INFO  com.edwin.fsg.OrderServiceApp.logStarted - Started OrderServiceApp in 27.29 seconds (JVM running for 28.754)
2018-07-18 15:06:38.958 logback [restartedMain] INFO  com.edwin.fsg.OrderServiceApp.logStarting - Starting OrderServiceApp on YULANG-PC with PID 14560 (G:\STS\e-parent\e-order-service\target\classes started by Administrator in G:\STS\e-parent\e-order-service)
2018-07-18 15:06:38.959 logback [restartedMain] INFO  com.edwin.fsg.OrderServiceApp.logStartupProfileInfo - No active profile set, falling back to default profiles: default
2018-07-18 15:06:41.863 logback [restartedMain] INFO  com.edwin.fsg.OrderServiceApp.logStarted - Started OrderServiceApp in 2.976 seconds (JVM running for 374.552)
2018-07-18 15:10:12.908 logback [restartedMain] INFO  com.edwin.fsg.OrderServiceApp.logStarting - Starting OrderServiceApp on YULANG-PC with PID 14560 (G:\STS\e-parent\e-order-service\target\classes started by Administrator in G:\STS\e-parent\e-order-service)
2018-07-18 15:10:12.909 logback [restartedMain] INFO  com.edwin.fsg.OrderServiceApp.logStartupProfileInfo - No active profile set, falling back to default profiles: default
2018-07-18 15:10:17.682 logback [restartedMain] INFO  com.edwin.fsg.OrderServiceApp.logStarted - Started OrderServiceApp in 4.88 seconds (JVM running for 590.371)
2018-07-18 15:10:22.700 logback [restartedMain] INFO  com.edwin.fsg.OrderServiceApp.logStarting - Starting OrderServiceApp on YULANG-PC with PID 14560 (G:\STS\e-parent\e-order-service\target\classes started by Administrator in G:\STS\e-parent\e-order-service)
2018-07-18 15:10:22.700 logback [restartedMain] INFO  com.edwin.fsg.OrderServiceApp.logStartupProfileInfo - No active profile set, falling back to default profiles: default
2018-07-18 15:10:26.275 logback [restartedMain] INFO  com.edwin.fsg.OrderServiceApp.logStarted - Started OrderServiceApp in 3.822 seconds (JVM running for 598.964)
2018-07-18 15:10:32.625 logback [restartedMain] INFO  com.edwin.fsg.OrderServiceApp.logStarting - Starting OrderServiceApp on YULANG-PC with PID 14560 (G:\STS\e-parent\e-order-service\target\classes started by Administrator in G:\STS\e-parent\e-order-service)
2018-07-18 15:10:32.625 logback [restartedMain] INFO  com.edwin.fsg.OrderServiceApp.logStartupProfileInfo - No active profile set, falling back to default profiles: default
2018-07-18 15:10:38.549 logback [restartedMain] INFO  com.edwin.fsg.OrderServiceApp.logStarting - Starting OrderServiceApp on YULANG-PC with PID 14560 (G:\STS\e-parent\e-order-service\target\classes started by Administrator in G:\STS\e-parent\e-order-service)
2018-07-18 15:10:38.549 logback [restartedMain] INFO  com.edwin.fsg.OrderServiceApp.logStartupProfileInfo - No active profile set, falling back to default profiles: default
2018-07-18 15:10:43.575 logback [restartedMain] INFO  com.edwin.fsg.OrderServiceApp.logStarted - Started OrderServiceApp in 5.136 seconds (JVM running for 616.263)
2018-07-18 15:10:53.263 logback [restartedMain] INFO  com.edwin.fsg.OrderServiceApp.logStarting - Starting OrderServiceApp on YULANG-PC with PID 14560 (G:\STS\e-parent\e-order-service\target\classes started by Administrator in G:\STS\e-parent\e-order-service)
2018-07-18 15:10:53.263 logback [restartedMain] INFO  com.edwin.fsg.OrderServiceApp.logStartupProfileInfo - No active profile set, falling back to default profiles: default
2018-07-18 15:10:57.447 logback [restartedMain] INFO  com.edwin.fsg.OrderServiceApp.logStarted - Started OrderServiceApp in 4.249 seconds (JVM running for 630.135)
2018-07-18 15:10:58.511 logback [restartedMain] INFO  com.edwin.fsg.OrderServiceApp.logStarting - Starting OrderServiceApp on YULANG-PC with PID 14560 (G:\STS\e-parent\e-order-service\target\classes started by Administrator in G:\STS\e-parent\e-order-service)
2018-07-18 15:10:58.512 logback [restartedMain] INFO  com.edwin.fsg.OrderServiceApp.logStartupProfileInfo - No active profile set, falling back to default profiles: default
2018-07-18 15:11:01.667 logback [restartedMain] INFO  com.edwin.fsg.OrderServiceApp.logStarted - Started OrderServiceApp in 3.286 seconds (JVM running for 634.356)
2018-07-18 15:17:16.203 logback [restartedMain] INFO  com.edwin.fsg.OrderServiceApp.logStarting - Starting OrderServiceApp on YULANG-PC with PID 14560 (G:\STS\e-parent\e-order-service\target\classes started by Administrator in G:\STS\e-parent\e-order-service)
2018-07-18 15:17:16.204 logback [restartedMain] INFO  com.edwin.fsg.OrderServiceApp.logStartupProfileInfo - No active profile set, falling back to default profiles: default
2018-07-18 15:17:20.004 logback [restartedMain] INFO  com.edwin.fsg.OrderServiceApp.logStarted - Started OrderServiceApp in 3.879 seconds (JVM running for 1012.692)
2018-07-18 15:18:17.128 logback [restartedMain] INFO  com.edwin.fsg.OrderServiceApp.logStarting - Starting OrderServiceApp on YULANG-PC with PID 14560 (G:\STS\e-parent\e-order-service\target\classes started by Administrator in G:\STS\e-parent\e-order-service)
2018-07-18 15:18:17.128 logback [restartedMain] INFO  com.edwin.fsg.OrderServiceApp.logStartupProfileInfo - No active profile set, falling back to default profiles: default
2018-07-18 15:18:20.430 logback [restartedMain] INFO  com.edwin.fsg.OrderServiceApp.logStarted - Started OrderServiceApp in 3.354 seconds (JVM running for 1073.118)
2018-07-18 15:19:14.158 logback [restartedMain] INFO  com.edwin.fsg.OrderServiceApp.logStarting - Starting OrderServiceApp on YULANG-PC with PID 14560 (G:\STS\e-parent\e-order-service\target\classes started by Administrator in G:\STS\e-parent\e-order-service)
2018-07-18 15:19:14.159 logback [restartedMain] INFO  com.edwin.fsg.OrderServiceApp.logStartupProfileInfo - No active profile set, falling back to default profiles: default
2018-07-18 15:19:17.639 logback [restartedMain] INFO  com.edwin.fsg.OrderServiceApp.logStarted - Started OrderServiceApp in 3.576 seconds (JVM running for 1130.327)
2018-07-18 15:22:09.299 logback [restartedMain] INFO  com.edwin.fsg.OrderServiceApp.logStarting - Starting OrderServiceApp on YULANG-PC with PID 10020 (G:\STS\e-parent\e-order-service\target\classes started by Administrator in G:\STS\e-parent\e-order-service)
2018-07-18 15:22:09.301 logback [restartedMain] INFO  com.edwin.fsg.OrderServiceApp.logStartupProfileInfo - No active profile set, falling back to default profiles: default
2018-07-18 15:22:43.844 logback [restartedMain] INFO  com.edwin.fsg.OrderServiceApp.logStarted - Started OrderServiceApp in 37.768 seconds (JVM running for 40.21)
2018-07-18 15:26:34.175 logback [restartedMain] INFO  com.edwin.fsg.OrderServiceApp.logStarting - Starting OrderServiceApp on YULANG-PC with PID 10020 (G:\STS\e-parent\e-order-service\target\classes started by Administrator in G:\STS\e-parent\e-order-service)
2018-07-18 15:26:34.176 logback [restartedMain] INFO  com.edwin.fsg.OrderServiceApp.logStartupProfileInfo - No active profile set, falling back to default profiles: default
2018-07-18 15:26:38.531 logback [restartedMain] INFO  com.edwin.fsg.OrderServiceApp.logStarted - Started OrderServiceApp in 4.525 seconds (JVM running for 274.896)
2018-07-18 15:28:43.797 logback [restartedMain] INFO  com.edwin.fsg.OrderServiceApp.logStarting - Starting OrderServiceApp on YULANG-PC with PID 10020 (G:\STS\e-parent\e-order-service\target\classes started by Administrator in G:\STS\e-parent\e-order-service)
2018-07-18 15:28:43.797 logback [restartedMain] INFO  com.edwin.fsg.OrderServiceApp.logStartupProfileInfo - No active profile set, falling back to default profiles: default
2018-07-18 15:28:49.756 logback [restartedMain] INFO  com.edwin.fsg.OrderServiceApp.logStarted - Started OrderServiceApp in 6.091 seconds (JVM running for 406.121)
2018-07-18 15:29:00.783 logback [restartedMain] INFO  com.edwin.fsg.OrderServiceApp.logStarting - Starting OrderServiceApp on YULANG-PC with PID 10020 (G:\STS\e-parent\e-order-service\target\classes started by Administrator in G:\STS\e-parent\e-order-service)
2018-07-18 15:29:00.783 logback [restartedMain] INFO  com.edwin.fsg.OrderServiceApp.logStartupProfileInfo - No active profile set, falling back to default profiles: default
2018-07-18 15:29:14.099 logback [restartedMain] INFO  com.edwin.fsg.OrderServiceApp.logStarted - Started OrderServiceApp in 13.656 seconds (JVM running for 430.464)
2018-07-18 15:29:22.947 logback [restartedMain] INFO  com.edwin.fsg.OrderServiceApp.logStarting - Starting OrderServiceApp on YULANG-PC with PID 10020 (G:\STS\e-parent\e-order-service\target\classes started by Administrator in G:\STS\e-parent\e-order-service)
2018-07-18 15:29:22.948 logback [restartedMain] INFO  com.edwin.fsg.OrderServiceApp.logStartupProfileInfo - No active profile set, falling back to default profiles: default
2018-07-18 15:29:29.561 logback [restartedMain] INFO  com.edwin.fsg.OrderServiceApp.logStarted - Started OrderServiceApp in 6.759 seconds (JVM running for 445.927)
2018-07-18 15:30:21.713 logback [restartedMain] INFO  com.edwin.fsg.OrderServiceApp.logStarting - Starting OrderServiceApp on YULANG-PC with PID 10020 (G:\STS\e-parent\e-order-service\target\classes started by Administrator in G:\STS\e-parent\e-order-service)
2018-07-18 15:30:21.714 logback [restartedMain] INFO  com.edwin.fsg.OrderServiceApp.logStartupProfileInfo - No active profile set, falling back to default profiles: default
2018-07-18 15:30:27.256 logback [restartedMain] INFO  com.edwin.fsg.OrderServiceApp.logStarted - Started OrderServiceApp in 5.704 seconds (JVM running for 503.621)
2018-07-18 15:31:15.769 logback [restartedMain] INFO  com.edwin.fsg.OrderServiceApp.logStarting - Starting OrderServiceApp on YULANG-PC with PID 10020 (G:\STS\e-parent\e-order-service\target\classes started by Administrator in G:\STS\e-parent\e-order-service)
2018-07-18 15:31:15.769 logback [restartedMain] INFO  com.edwin.fsg.OrderServiceApp.logStartupProfileInfo - No active profile set, falling back to default profiles: default
2018-07-18 15:31:18.704 logback [restartedMain] INFO  com.edwin.fsg.OrderServiceApp.logStarted - Started OrderServiceApp in 3.015 seconds (JVM running for 555.069)
2018-07-18 15:31:31.235 logback [restartedMain] INFO  com.edwin.fsg.OrderServiceApp.logStarting - Starting OrderServiceApp on YULANG-PC with PID 10020 (G:\STS\e-parent\e-order-service\target\classes started by Administrator in G:\STS\e-parent\e-order-service)
2018-07-18 15:31:31.236 logback [restartedMain] INFO  com.edwin.fsg.OrderServiceApp.logStartupProfileInfo - No active profile set, falling back to default profiles: default
2018-07-18 15:31:34.688 logback [restartedMain] INFO  com.edwin.fsg.OrderServiceApp.logStarted - Started OrderServiceApp in 3.532 seconds (JVM running for 571.053)
2018-07-18 15:31:39.994 logback [restartedMain] INFO  com.edwin.fsg.OrderServiceApp.logStarting - Starting OrderServiceApp on YULANG-PC with PID 10020 (G:\STS\e-parent\e-order-service\target\classes started by Administrator in G:\STS\e-parent\e-order-service)
2018-07-18 15:31:40.000 logback [restartedMain] INFO  com.edwin.fsg.OrderServiceApp.logStartupProfileInfo - No active profile set, falling back to default profiles: default
2018-07-18 15:31:47.284 logback [restartedMain] INFO  com.edwin.fsg.OrderServiceApp.logStarted - Started OrderServiceApp in 7.512 seconds (JVM running for 583.649)
2018-07-18 15:31:52.751 logback [restartedMain] INFO  com.edwin.fsg.OrderServiceApp.logStarting - Starting OrderServiceApp on YULANG-PC with PID 10020 (G:\STS\e-parent\e-order-service\target\classes started by Administrator in G:\STS\e-parent\e-order-service)
2018-07-18 15:31:52.751 logback [restartedMain] INFO  com.edwin.fsg.OrderServiceApp.logStartupProfileInfo - No active profile set, falling back to default profiles: default
2018-07-18 15:31:55.391 logback [restartedMain] INFO  com.edwin.fsg.OrderServiceApp.logStarted - Started OrderServiceApp in 2.822 seconds (JVM running for 591.757)
2018-07-18 15:36:18.872 logback [restartedMain] INFO  com.edwin.fsg.OrderServiceApp.logStarting - Starting OrderServiceApp on YULANG-PC with PID 7112 (G:\STS\e-parent\e-order-service\target\classes started by Administrator in G:\STS\e-parent\e-order-service)
2018-07-18 15:36:18.880 logback [restartedMain] INFO  com.edwin.fsg.OrderServiceApp.logStartupProfileInfo - No active profile set, falling back to default profiles: default
2018-07-18 15:36:55.104 logback [restartedMain] INFO  com.edwin.fsg.OrderServiceApp.logStarted - Started OrderServiceApp in 37.193 seconds (JVM running for 38.213)
2018-07-18 15:37:42.008 logback [DubboServerHandler-169.254.242.93:20880-thread-2] INFO  c.e.f.s.impl.LogMapperServiceImpl.insertLog - log----->: MLog [id=null, createName=XITONG, createTime=Wed Jul 18 15:37:33 CST 2018, remark=获取用户信息-->]
2018-07-18 15:38:00.959 logback [DubboServerHandler-169.254.242.93:20880-thread-3] INFO  c.e.f.s.impl.LogMapperServiceImpl.insertLog - log----->: MLog [id=null, createName=XITONG, createTime=Wed Jul 18 15:37:33 CST 2018, remark=获取用户信息-->]
2018-07-18 15:38:04.833 logback [DubboServerHandler-169.254.242.93:20880-thread-4] INFO  c.e.f.s.impl.LogMapperServiceImpl.insertLog - log----->: MLog [id=null, createName=XITONG, createTime=Wed Jul 18 15:37:33 CST 2018, remark=获取用户信息-->]
2018-07-18 15:38:05.301 logback [DubboServerHandler-169.254.242.93:20880-thread-5] INFO  c.e.f.s.impl.LogMapperServiceImpl.insertLog - log----->: MLog [id=null, createName=XITONG, createTime=Wed Jul 18 15:37:37 CST 2018, remark=获取用户信息-->]
2018-07-18 15:38:05.484 logback [DubboServerHandler-169.254.242.93:20880-thread-6] INFO  c.e.f.s.impl.LogMapperServiceImpl.insertLog - log----->: MLog [id=null, createName=XITONG, createTime=Wed Jul 18 15:37:37 CST 2018, remark=获取用户信息-->]
2018-07-18 15:38:05.849 logback [DubboServerHandler-169.254.242.93:20880-thread-7] INFO  c.e.f.s.impl.LogMapperServiceImpl.insertLog - log----->: MLog [id=null, createName=XITONG, createTime=Wed Jul 18 15:37:37 CST 2018, remark=获取用户信息-->]
2018-07-18 15:38:42.155 logback [restartedMain] INFO  com.edwin.fsg.OrderServiceApp.logStarting - Starting OrderServiceApp on YULANG-PC with PID 7112 (G:\STS\e-parent\e-order-service\target\classes started by Administrator in G:\STS\e-parent\e-order-service)
2018-07-18 15:38:42.156 logback [restartedMain] INFO  com.edwin.fsg.OrderServiceApp.logStartupProfileInfo - No active profile set, falling back to default profiles: default
2018-07-18 15:38:48.094 logback [restartedMain] INFO  com.edwin.fsg.OrderServiceApp.logStarted - Started OrderServiceApp in 6.351 seconds (JVM running for 151.203)
2018-07-18 15:42:25.674 logback [restartedMain] INFO  com.edwin.fsg.OrderServiceApp.logStarting - Starting OrderServiceApp on YULANG-PC with PID 7112 (G:\STS\e-parent\e-order-service\target\classes started by Administrator in G:\STS\e-parent\e-order-service)
2018-07-18 15:42:25.674 logback [restartedMain] INFO  com.edwin.fsg.OrderServiceApp.logStartupProfileInfo - No active profile set, falling back to default profiles: default
2018-07-18 15:42:31.001 logback [restartedMain] INFO  com.edwin.fsg.OrderServiceApp.logStarted - Started OrderServiceApp in 5.702 seconds (JVM running for 374.11)
2018-07-18 15:43:15.850 logback [restartedMain] INFO  com.edwin.fsg.OrderServiceApp.logStarting - Starting OrderServiceApp on YULANG-PC with PID 7112 (G:\STS\e-parent\e-order-service\target\classes started by Administrator in G:\STS\e-parent\e-order-service)
2018-07-18 15:43:15.851 logback [restartedMain] INFO  com.edwin.fsg.OrderServiceApp.logStartupProfileInfo - No active profile set, falling back to default profiles: default
2018-07-18 15:43:19.359 logback [restartedMain] INFO  com.edwin.fsg.OrderServiceApp.logStarted - Started OrderServiceApp in 3.61 seconds (JVM running for 422.468)
2018-07-18 15:43:40.989 logback [restartedMain] INFO  com.edwin.fsg.OrderServiceApp.logStarting - Starting OrderServiceApp on YULANG-PC with PID 7112 (G:\STS\e-parent\e-order-service\target\classes started by Administrator in G:\STS\e-parent\e-order-service)
2018-07-18 15:43:40.989 logback [restartedMain] INFO  com.edwin.fsg.OrderServiceApp.logStartupProfileInfo - No active profile set, falling back to default profiles: default
2018-07-18 15:43:45.442 logback [restartedMain] INFO  com.edwin.fsg.OrderServiceApp.logStarted - Started OrderServiceApp in 4.559 seconds (JVM running for 448.551)
2018-07-18 15:44:01.974 logback [restartedMain] INFO  com.edwin.fsg.OrderServiceApp.logStarting - Starting OrderServiceApp on YULANG-PC with PID 7112 (G:\STS\e-parent\e-order-service\target\classes started by Administrator in G:\STS\e-parent\e-order-service)
2018-07-18 15:44:01.975 logback [restartedMain] INFO  com.edwin.fsg.OrderServiceApp.logStartupProfileInfo - No active profile set, falling back to default profiles: default
2018-07-18 15:44:05.295 logback [restartedMain] INFO  com.edwin.fsg.OrderServiceApp.logStarted - Started OrderServiceApp in 3.431 seconds (JVM running for 468.404)
2018-07-18 15:50:45.135 logback [restartedMain] INFO  com.edwin.fsg.OrderServiceApp.logStarting - Starting OrderServiceApp on YULANG-PC with PID 7112 (G:\STS\e-parent\e-order-service\target\classes started by Administrator in G:\STS\e-parent\e-order-service)
2018-07-18 15:50:45.136 logback [restartedMain] INFO  com.edwin.fsg.OrderServiceApp.logStartupProfileInfo - No active profile set, falling back to default profiles: default
2018-07-18 15:50:49.162 logback [restartedMain] INFO  com.edwin.fsg.OrderServiceApp.logStarted - Started OrderServiceApp in 4.162 seconds (JVM running for 872.271)
2018-07-18 15:51:36.845 logback [restartedMain] INFO  com.edwin.fsg.OrderServiceApp.logStarting - Starting OrderServiceApp on YULANG-PC with PID 7440 (G:\STS\e-parent\e-order-service\target\classes started by Administrator in G:\STS\e-parent\e-order-service)
2018-07-18 15:51:36.846 logback [restartedMain] INFO  com.edwin.fsg.OrderServiceApp.logStartupProfileInfo - No active profile set, falling back to default profiles: default
2018-07-18 15:52:10.973 logback [restartedMain] INFO  com.edwin.fsg.OrderServiceApp.logStarted - Started OrderServiceApp in 35.141 seconds (JVM running for 36.03)
2018-07-18 15:52:33.688 logback [DubboServerHandler-169.254.242.93:20880-thread-2] INFO  c.e.f.s.impl.LogMapperServiceImpl.insertLog - log----->: MLog [id=null, createName=XITONG, createTime=Wed Jul 18 15:52:32 CST 2018, remark=获取用户信息-->]
2018-07-18 15:52:33.799 logback [DubboServerHandler-169.254.242.93:20880-thread-3] INFO  c.e.f.s.impl.LogMapperServiceImpl.insertLog - log----->: MLog [id=null, createName=XITONG, createTime=Wed Jul 18 15:52:32 CST 2018, remark=获取用户信息-->]
2018-07-18 15:52:34.858 logback [DubboServerHandler-169.254.242.93:20880-thread-5] INFO  c.e.f.s.impl.LogMapperServiceImpl.insertLog - log----->: MLog [id=null, createName=XITONG, createTime=Wed Jul 18 15:52:34 CST 2018, remark=获取用户信息-->]
2018-07-18 15:52:48.549 logback [DubboServerHandler-169.254.242.93:20880-thread-7] INFO  c.e.f.s.impl.LogMapperServiceImpl.insertLog - log----->: MLog [id=null, createName=XITONG, createTime=Wed Jul 18 15:52:48 CST 2018, remark=获取用户信息-->]
2018-07-18 15:52:48.815 logback [DubboServerHandler-169.254.242.93:20880-thread-9] INFO  c.e.f.s.impl.LogMapperServiceImpl.insertLog - log----->: MLog [id=null, createName=XITONG, createTime=Wed Jul 18 15:52:48 CST 2018, remark=获取用户信息-->]
2018-07-18 15:53:48.009 logback [DubboServerHandler-169.254.242.93:20880-thread-11] INFO  c.e.f.s.impl.LogMapperServiceImpl.insertLog - log----->: MLog [id=null, createName=XITONG, createTime=Wed Jul 18 15:53:48 CST 2018, remark=获取用户信息-->]
2018-07-18 15:53:48.332 logback [DubboServerHandler-169.254.242.93:20880-thread-13] INFO  c.e.f.s.impl.LogMapperServiceImpl.insertLog - log----->: MLog [id=null, createName=XITONG, createTime=Wed Jul 18 15:53:48 CST 2018, remark=获取用户信息-->]
2018-07-18 15:55:01.405 logback [DubboServerHandler-169.254.242.93:20880-thread-15] INFO  c.e.f.s.impl.LogMapperServiceImpl.insertLog - log----->: MLog [id=null, createName=XITONG, createTime=Wed Jul 18 15:55:01 CST 2018, remark=获取用户信息-->]
2018-07-18 15:55:22.243 logback [DubboServerHandler-169.254.242.93:20880-thread-17] INFO  c.e.f.s.impl.LogMapperServiceImpl.insertLog - log----->: MLog [id=null, createName=XITONG, createTime=Wed Jul 18 15:55:22 CST 2018, remark=获取用户信息-->]
2018-07-18 15:56:19.467 logback [restartedMain] INFO  com.edwin.fsg.OrderServiceApp.logStarting - Starting OrderServiceApp on YULANG-PC with PID 7440 (G:\STS\e-parent\e-order-service\target\classes started by Administrator in G:\STS\e-parent\e-order-service)
2018-07-18 15:56:19.468 logback [restartedMain] INFO  com.edwin.fsg.OrderServiceApp.logStartupProfileInfo - No active profile set, falling back to default profiles: default
2018-07-18 15:56:28.899 logback [restartedMain] INFO  com.edwin.fsg.OrderServiceApp.logStarted - Started OrderServiceApp in 9.646 seconds (JVM running for 293.956)
2018-07-18 16:18:14.630 logback [restartedMain] INFO  com.edwin.fsg.OrderServiceApp.logStarting - Starting OrderServiceApp on YULANG-PC with PID 6204 (G:\STS\e-parent\e-order-service\target\classes started by Administrator in G:\STS\e-parent\e-order-service)
2018-07-18 16:18:14.631 logback [restartedMain] INFO  com.edwin.fsg.OrderServiceApp.logStartupProfileInfo - No active profile set, falling back to default profiles: default
2018-07-18 16:18:51.958 logback [restartedMain] INFO  com.edwin.fsg.OrderServiceApp.logStarted - Started OrderServiceApp in 40.376 seconds (JVM running for 44.062)
2018-07-18 16:33:21.567 logback [restartedMain] INFO  com.edwin.fsg.OrderServiceApp.logStarting - Starting OrderServiceApp on YULANG-PC with PID 6204 (G:\STS\e-parent\e-order-service\target\classes started by Administrator in G:\STS\e-parent\e-order-service)
2018-07-18 16:33:21.568 logback [restartedMain] INFO  com.edwin.fsg.OrderServiceApp.logStartupProfileInfo - No active profile set, falling back to default profiles: default
2018-07-18 16:33:29.740 logback [restartedMain] INFO  com.edwin.fsg.OrderServiceApp.logStarted - Started OrderServiceApp in 8.696 seconds (JVM running for 921.844)
2018-07-18 16:50:16.433 logback [restartedMain] INFO  com.edwin.fsg.OrderServiceApp.logStarting - Starting OrderServiceApp on YULANG-PC with PID 14124 (G:\STS\e-parent\e-order-service\target\classes started by Administrator in G:\STS\e-parent\e-order-service)
2018-07-18 16:50:16.435 logback [restartedMain] INFO  com.edwin.fsg.OrderServiceApp.logStartupProfileInfo - No active profile set, falling back to default profiles: default
2018-07-18 16:50:50.870 logback [restartedMain] INFO  com.edwin.fsg.OrderServiceApp.logStarted - Started OrderServiceApp in 35.526 seconds (JVM running for 36.287)
2018-07-18 17:04:06.785 logback [restartedMain] INFO  com.edwin.fsg.OrderServiceApp.logStarting - Starting OrderServiceApp on YULANG-PC with PID 15936 (G:\STS\e-parent\e-order-service\target\classes started by Administrator in G:\STS\e-parent\e-order-service)
2018-07-18 17:04:06.787 logback [restartedMain] INFO  com.edwin.fsg.OrderServiceApp.logStartupProfileInfo - No active profile set, falling back to default profiles: default
2018-07-18 17:04:43.467 logback [restartedMain] INFO  com.edwin.fsg.OrderServiceApp.logStarted - Started OrderServiceApp in 37.617 seconds (JVM running for 38.521)
